15.0  0.0  85206 ?        08:00 00:00:00 sh /u1/etc/tmon/script/chk_cpu
15.6  0.0 119873 ?        08:01 00:00:00 sh /u1/etc/tmon/script/chk_cpu
12.5  0.0  24261 ?        08:02 00:00:00 sh /u1/etc/tmon/script/chk_cpu
16.3  0.0  58586 ?        08:03 00:00:00 sh /u1/etc/tmon/script/chk_cpu
12.5  0.0  92989 ?        08:04 00:00:00 sh /u1/etc/tmon/script/chk_cpu
12.2  0.0 127739 ?        08:05 00:00:00 sh /u1/etc/tmon/script/chk_cpu
12.5  0.0  32018 ?        08:06 00:00:00 sh /u1/etc/tmon/script/chk_cpu
12.0  0.0  66456 ?        08:07 00:00:00 sh /u1/etc/tmon/script/chk_cpu
12.2  0.0 100780 ?        08:08 00:00:00 sh /u1/etc/tmon/script/chk_cpu
16.3  0.0   4484 ?        08:09 00:00:00 sh /u1/etc/tmon/script/chk_cpu
16.3  0.0  45463 ?        08:10 00:00:00 sh /u1/etc/tmon/script/chk_cpu
15.6  0.0  79854 ?        08:11 00:00:00 sh /u1/etc/tmon/script/chk_cpu
12.5  0.0 114253 ?        08:12 00:00:00 sh /u1/etc/tmon/script/chk_cpu
16.6  0.0  17996 ?        08:13 00:00:00 sh /u1/etc/tmon/script/chk_cpu
12.2  0.0  52819 ?        08:14 00:00:00 sh /u1/etc/tmon/script/chk_cpu
12.7  0.0  87165 ?        08:15 00:00:00 sh /u1/etc/tmon/script/chk_cpu
15.3  0.0 121868 ?        08:16 00:00:00 sh /u1/etc/tmon/script/chk_cpu
12.0  0.0  26603 ?        08:17 00:00:00 sh /u1/etc/tmon/script/chk_cpu
12.5  0.0  61067 ?        08:18 00:00:00 sh /u1/etc/tmon/script/chk_cpu
11.7  0.0  95414 ?        08:19 00:00:00 sh /u1/etc/tmon/script/chk_cpu
27.3  0.0 102306 pts/1    08:19 00:00:00 /bin/ksh /u1/etc/tmon/script/chk_cpu
12.0  0.0 104730 ?        08:19 00:00:00 sh /u1/etc/tmon/script/chk_tbs
19.0  0.0   6961 ?        08:20 00:00:00 sh /u1/etc/tmon/script/chk_cpu
14.0  0.0   8561 ?        08:20 00:00:00 oracletopprd (LOCAL=NO)
12.0  0.0   7631 ?        08:20 00:00:00 /u1/genero/fglgws/lib/fglrun-bin /u1/topprd/erp/axm/42r/axmp500 {"sessionkey":"IL1I201659266d","parent":"0","parentprog":"azzp951","background":"Y","prog":"axmp500","account":"tiptop","param":[],"schedule_seq":0,"static_ent":1002,"schedule_id":null}
