
 
<table width=100% border=1>
   <tr>
   <th colspan=2 style=background-color:#FFECC9> 每天 整點 才 檢查 webrun awsp920 log genero 15575 </th>
   </tr> 
 
================================================================

<font color=blue> ====記憶體使用率==== </font>
 
<table width=100% border=1>
   <tr>
   <th colspan=2 style=background-color:#FFECC9> 每天 整點 才 檢查 webrun awsp920 log genero 15575 </th>
   </tr> 
 
================================================================

<font color=blue> ====記憶體使用率==== </font>
 
<table width=100% border=1>
   <tr>
   <th colspan=2 style=background-color:#FFECC9> 每天 整點 才 檢查 webrun awsp920 log genero 15575 </th>
   </tr> 
 
================================================================

<font color=blue> ====記憶體使用率==== </font>
 
<table width=100% border=1>
   <tr>
   <th colspan=2 style=background-color:#FFECC9> 每天 整點 才 檢查 webrun awsp920 log genero 15575 </th>
   </tr> 
 
================================================================

<font color=blue> ====記憶體使用率==== </font>
 
<table width=100% border=1>
   <tr>
   <th colspan=2 style=background-color:#FFECC9> 每天 整點 才 檢查 webrun awsp920 log genero 15575 </th>
   </tr> 
 
================================================================

<font color=blue> ====記憶體使用率==== </font>
 
<table width=100% border=1>
   <tr>
   <th colspan=2 style=background-color:#FFECC9> 每天 整點 才 檢查 webrun awsp920 log genero 15575 </th>
   </tr> 
 
================================================================

<font color=blue> ====記憶體使用率==== </font>
 
<table width=100% border=1>
   <tr>
   <th colspan=2 style=background-color:#FFECC9> 每天 整點 才 檢查 webrun awsp920 log genero 15575 </th>
   </tr> 
 
================================================================

<font color=blue> ====記憶體使用率==== </font>
 
<table width=100% border=1>
   <tr>
   <th colspan=2 style=background-color:#FFECC9> 每天 整點 才 檢查 webrun awsp920 log genero 15575 </th>
   </tr> 
 
================================================================

<font color=blue> ====記憶體使用率==== </font>
 
<table width=100% border=1>
   <tr>
   <th colspan=2 style=background-color:#FFECC9> 每天 整點 才 檢查 webrun awsp920 log genero 15575 </th>
   </tr> 
 
================================================================

<font color=blue> ====記憶體使用率==== </font>
 
<table width=100% border=1>
   <tr>
   <th colspan=2 style=background-color:#FFECC9> 每天 整點 才 檢查 webrun awsp920 log genero 15575 </th>
   </tr> 
 
================================================================

<font color=blue> ====記憶體使用率==== </font>
 
<table width=100% border=1>
   <tr>
   <th colspan=2 style=background-color:#FFECC9> 每天 整點 才 檢查 webrun awsp920 log genero 15575 </th>
   </tr> 
 
================================================================

<font color=blue> ====記憶體使用率==== </font>
 
<table width=100% border=1>
   <tr>
   <th colspan=2 style=background-color:#FFECC9> 每天 整點 才 檢查 webrun awsp920 log genero 15575 </th>
   </tr> 
 
================================================================

 
<table width=100% border=1>
   <tr>
   <th colspan=2 style=background-color:#FFECC9> 每天 整點 才 檢查 webrun awsp920 log genero 15575 </th>
   </tr> 
 
================================================================

<font color=blue> ====記憶體使用率==== </font>
 
<table width=100% border=1>
   <tr>
   <th colspan=2 style=background-color:#FFECC9> 每天 整點 才 檢查 webrun awsp920 log genero 15575 </th>
   </tr> 
 
================================================================

<font color=blue> ====記憶體使用率==== </font>
 
<table width=100% border=1>
   <tr>
   <th colspan=2 style=background-color:#FFECC9> 每天 整點 才 檢查 webrun awsp920 log genero 15575 </th>
   </tr> 
 
================================================================

<table width=100% border=1>
   <tr>
   <th colspan=2 style=background-color:#FFECC9>檢查 CPU </th>
   </tr> </table>
    
<table width=100% border=1>
            <tr>
            <th colspan=2 style=background-color:#FF3B3B>檢查 CPU 5 min load average 高於  8.00 </th>
            <th colspan=2 style=background-color:#FFECC9>CPU 5min load average :   17.50 </th>
            </tr> </table> 
<div class="content"> 
<table width=100% border=1>
                <tr>
                <th colspan=7 style=background-color:#FFECC9>2021/12/15-01:18:17 CPU 使用量 顯示 80 % 以上</th>
                </tr> 
      
<tr> 
                  <td> %CPU    </td>
                  <td> %MEM    </td>
                  <td> PID    </td>
                  <td> TT     </td>
                  <td> STIME  </td>
                  <td> TIME   </td>
                  <td>       CMD    </td>
                  </tr> 
                 

           </table> 
           </div>
           
<font color=blue> ====記憶體使用率==== </font>
 
<table width=100% border=1>
   <tr>
   <th colspan=2 style=background-color:#FFECC9> 每天 整點 才 檢查 webrun awsp920 log genero 15575 </th>
   </tr> 
 
================================================================

<font color=blue> ====記憶體使用率==== </font>
 
<table width=100% border=1>
   <tr>
   <th colspan=2 style=background-color:#FFECC9> 每天 整點 才 檢查 webrun awsp920 log genero 15575 </th>
   </tr> 
 
================================================================

<font color=blue> ====記憶體使用率==== </font>
 
<table width=100% border=1>
   <tr>
   <th colspan=2 style=background-color:#FFECC9> 每天 整點 才 檢查 webrun awsp920 log genero 15575 </th>
   </tr> 
 
================================================================

<font color=blue> ====記憶體使用率==== </font>
 
<table width=100% border=1>
   <tr>
   <th colspan=2 style=background-color:#FFECC9> 每天 整點 才 檢查 webrun awsp920 log genero 15575 </th>
   </tr> 
 
================================================================

<font color=blue> ====記憶體使用率==== </font>
 
<table width=100% border=1>
   <tr>
   <th colspan=2 style=background-color:#FFECC9> 每天 整點 才 檢查 webrun awsp920 log genero 15575 </th>
   </tr> 
 
================================================================

<font color=blue> ====記憶體使用率==== </font>
 
<table width=100% border=1>
   <tr>
   <th colspan=2 style=background-color:#FFECC9> 每天 整點 才 檢查 webrun awsp920 log genero 15575 </th>
   </tr> 
 
================================================================

<font color=blue> ====記憶體使用率==== </font>
 
<table width=100% border=1>
   <tr>
   <th colspan=2 style=background-color:#FFECC9> 每天 整點 才 檢查 webrun awsp920 log genero 15575 </th>
   </tr> 
 
================================================================

<font color=blue> ====記憶體使用率==== </font>
 
<table width=100% border=1>
   <tr>
   <th colspan=2 style=background-color:#FFECC9> 每天 整點 才 檢查 webrun awsp920 log genero 15575 </th>
   </tr> 
 
================================================================

<font color=blue> ====記憶體使用率==== </font>
 
<table width=100% border=1>
   <tr>
   <th colspan=2 style=background-color:#FFECC9> 每天 整點 才 檢查 webrun awsp920 log genero 15575 </th>
   </tr> 
 
================================================================

 
<table width=100% border=1>
   <tr>
   <th colspan=2 style=background-color:#FFECC9> 每天 整點 才 檢查 webrun awsp920 log genero 15575 </th>
   </tr> 
 
================================================================

<font color=blue> ====記憶體使用率==== </font>
 
<table width=100% border=1>
   <tr>
   <th colspan=2 style=background-color:#FFECC9> 每天 整點 才 檢查 webrun awsp920 log genero 15575 </th>
   </tr> 
 
================================================================

<font color=blue> ====記憶體使用率==== </font>
 
<table width=100% border=1>
   <tr>
   <th colspan=2 style=background-color:#FFECC9> 每天 整點 才 檢查 webrun awsp920 log genero 15575 </th>
   </tr> 
 
================================================================

<font color=blue> ====記憶體使用率==== </font>
 
<table width=100% border=1>
   <tr>
   <th colspan=2 style=background-color:#FFECC9> 每天 整點 才 檢查 webrun awsp920 log genero 15575 </th>
   </tr> 
 
================================================================

<font color=blue> ====記憶體使用率==== </font>
 
<table width=100% border=1>
   <tr>
   <th colspan=2 style=background-color:#FFECC9> 每天 整點 才 檢查 webrun awsp920 log genero 15575 </th>
   </tr> 
 
================================================================

<font color=blue> ====記憶體使用率==== </font>
 
<table width=100% border=1>
   <tr>
   <th colspan=2 style=background-color:#FFECC9> 每天 整點 才 檢查 webrun awsp920 log genero 15575 </th>
   </tr> 
 
================================================================

<font color=blue> ====記憶體使用率==== </font>
 
<table width=100% border=1>
   <tr>
   <th colspan=2 style=background-color:#FFECC9> 每天 整點 才 檢查 webrun awsp920 log genero 15575 </th>
   </tr> 
 
================================================================

<font color=blue> ====記憶體使用率==== </font>
 
<table width=100% border=1>
   <tr>
   <th colspan=2 style=background-color:#FFECC9> 每天 整點 才 檢查 webrun awsp920 log genero 15575 </th>
   </tr> 
 
================================================================

<font color=blue> ====記憶體使用率==== </font>
 
<table width=100% border=1>
   <tr>
   <th colspan=2 style=background-color:#FFECC9> 每天 整點 才 檢查 webrun awsp920 log genero 15575 </th>
   </tr> 
 
================================================================

<font color=blue> ====記憶體使用率==== </font>
 
<table width=100% border=1>
   <tr>
   <th colspan=2 style=background-color:#FFECC9> 每天 整點 才 檢查 webrun awsp920 log genero 15575 </th>
   </tr> 
 
================================================================

<font color=blue> ====記憶體使用率==== </font>
 
<table width=100% border=1>
   <tr>
   <th colspan=2 style=background-color:#FFECC9> 每天 整點 才 檢查 webrun awsp920 log genero 15575 </th>
   </tr> 
 
================================================================

<font color=blue> ====記憶體使用率==== </font>
 
<table width=100% border=1>
   <tr>
   <th colspan=2 style=background-color:#FFECC9> 每天 整點 才 檢查 webrun awsp920 log genero 15575 </th>
   </tr> 
 
================================================================

 
<table width=100% border=1>
   <tr>
   <th colspan=2 style=background-color:#FFECC9> 每天 整點 才 檢查 webrun awsp920 log genero 15575 </th>
   </tr> 
 
================================================================

<font color=blue> ====記憶體使用率==== </font>
 
<table width=100% border=1>
   <tr>
   <th colspan=2 style=background-color:#FFECC9> 每天 整點 才 檢查 webrun awsp920 log genero 15575 </th>
   </tr> 
 
================================================================

<font color=blue> ====記憶體使用率==== </font>
 
<table width=100% border=1>
   <tr>
   <th colspan=2 style=background-color:#FFECC9> 每天 整點 才 檢查 webrun awsp920 log genero 15575 </th>
   </tr> 
 
================================================================

<font color=blue> ====記憶體使用率==== </font>
 
<table width=100% border=1>
   <tr>
   <th colspan=2 style=background-color:#FFECC9> 每天 整點 才 檢查 webrun awsp920 log genero 15575 </th>
   </tr> 
 
================================================================

<font color=blue> ====記憶體使用率==== </font>
 
<table width=100% border=1>
   <tr>
   <th colspan=2 style=background-color:#FFECC9> 每天 整點 才 檢查 webrun awsp920 log genero 15575 </th>
   </tr> 
 
================================================================

<font color=blue> ====記憶體使用率==== </font>
 
<table width=100% border=1>
   <tr>
   <th colspan=2 style=background-color:#FFECC9> 每天 整點 才 檢查 webrun awsp920 log genero 15575 </th>
   </tr> 
 
================================================================

<font color=blue> ====記憶體使用率==== </font>
 
<table width=100% border=1>
   <tr>
   <th colspan=2 style=background-color:#FFECC9> 每天 整點 才 檢查 webrun awsp920 log genero 15575 </th>
   </tr> 
 
================================================================

<font color=blue> ====記憶體使用率==== </font>
 
<table width=100% border=1>
   <tr>
   <th colspan=2 style=background-color:#FFECC9> 每天 整點 才 檢查 webrun awsp920 log genero 15575 </th>
   </tr> 
 
================================================================

<font color=blue> ====記憶體使用率==== </font>
 
<table width=100% border=1>
   <tr>
   <th colspan=2 style=background-color:#FFECC9> 每天 整點 才 檢查 webrun awsp920 log genero 15575 </th>
   </tr> 
 
================================================================

<font color=blue> ====記憶體使用率==== </font>
 
<table width=100% border=1>
   <tr>
   <th colspan=2 style=background-color:#FFECC9> 每天 整點 才 檢查 webrun awsp920 log genero 15575 </th>
   </tr> 
 
================================================================

<font color=blue> ====記憶體使用率==== </font>
 
<table width=100% border=1>
   <tr>
   <th colspan=2 style=background-color:#FFECC9> 每天 整點 才 檢查 webrun awsp920 log genero 15575 </th>
   </tr> 
 
================================================================

<font color=blue> ====記憶體使用率==== </font>
 
<table width=100% border=1>
   <tr>
   <th colspan=2 style=background-color:#FFECC9> 每天 整點 才 檢查 webrun awsp920 log genero 15575 </th>
   </tr> 
 
================================================================

 
<table width=100% border=1>
   <tr>
   <th colspan=2 style=background-color:#FFECC9> 每天 整點 才 檢查 webrun awsp920 log genero 15575 </th>
   </tr> 
 
================================================================

<font color=blue> ====記憶體使用率==== </font>
 
<table width=100% border=1>
   <tr>
   <th colspan=2 style=background-color:#FFECC9> 每天 整點 才 檢查 webrun awsp920 log genero 15575 </th>
   </tr> 
 
================================================================

<font color=blue> ====記憶體使用率==== </font>
 
<table width=100% border=1>
   <tr>
   <th colspan=2 style=background-color:#FFECC9> 每天 整點 才 檢查 webrun awsp920 log genero 15575 </th>
   </tr> 
 
================================================================

<font color=blue> ====記憶體使用率==== </font>
 
<table width=100% border=1>
   <tr>
   <th colspan=2 style=background-color:#FFECC9> 每天 整點 才 檢查 webrun awsp920 log genero 15575 </th>
   </tr> 
 
================================================================

<font color=blue> ====記憶體使用率==== </font>
 
<table width=100% border=1>
   <tr>
   <th colspan=2 style=background-color:#FFECC9> 每天 整點 才 檢查 webrun awsp920 log genero 15575 </th>
   </tr> 
 
================================================================

<font color=blue> ====記憶體使用率==== </font>
 
<table width=100% border=1>
   <tr>
   <th colspan=2 style=background-color:#FFECC9> 每天 整點 才 檢查 webrun awsp920 log genero 15575 </th>
   </tr> 
 
================================================================

<font color=blue> ====記憶體使用率==== </font>
 
<table width=100% border=1>
   <tr>
   <th colspan=2 style=background-color:#FFECC9> 每天 整點 才 檢查 webrun awsp920 log genero 15575 </th>
   </tr> 
 
================================================================

<font color=blue> ====記憶體使用率==== </font>
 
<table width=100% border=1>
   <tr>
   <th colspan=2 style=background-color:#FFECC9> 每天 整點 才 檢查 webrun awsp920 log genero 15575 </th>
   </tr> 
 
================================================================

<font color=blue> ====記憶體使用率==== </font>
 
<table width=100% border=1>
   <tr>
   <th colspan=2 style=background-color:#FFECC9> 每天 整點 才 檢查 webrun awsp920 log genero 15575 </th>
   </tr> 
 
================================================================

<font color=blue> ====記憶體使用率==== </font>
 
<table width=100% border=1>
   <tr>
   <th colspan=2 style=background-color:#FFECC9> 每天 整點 才 檢查 webrun awsp920 log genero 15575 </th>
   </tr> 
 
================================================================

<font color=blue> ====記憶體使用率==== </font>
 
<table width=100% border=1>
   <tr>
   <th colspan=2 style=background-color:#FFECC9> 每天 整點 才 檢查 webrun awsp920 log genero 15575 </th>
   </tr> 
 
================================================================

<font color=blue> ====記憶體使用率==== </font>
 
<table width=100% border=1>
   <tr>
   <th colspan=2 style=background-color:#FFECC9> 每天 整點 才 檢查 webrun awsp920 log genero 15575 </th>
   </tr> 
 
================================================================

 
<table width=100% border=1>
   <tr>
   <th colspan=2 style=background-color:#FFECC9> 每天 整點 才 檢查 webrun awsp920 log genero 15575 </th>
   </tr> 
 
================================================================

<font color=blue> ====記憶體使用率==== </font>
 
<table width=100% border=1>
   <tr>
   <th colspan=2 style=background-color:#FFECC9> 每天 整點 才 檢查 webrun awsp920 log genero 15575 </th>
   </tr> 
 
================================================================

<font color=blue> ====記憶體使用率==== </font>
 
<table width=100% border=1>
   <tr>
   <th colspan=2 style=background-color:#FFECC9> 每天 整點 才 檢查 webrun awsp920 log genero 15575 </th>
   </tr> 
 
================================================================

<font color=blue> ====記憶體使用率==== </font>
 
<table width=100% border=1>
   <tr>
   <th colspan=2 style=background-color:#FFECC9> 每天 整點 才 檢查 webrun awsp920 log genero 15575 </th>
   </tr> 
 
================================================================

<font color=blue> ====記憶體使用率==== </font>
 
<table width=100% border=1>
   <tr>
   <th colspan=2 style=background-color:#FFECC9> 每天 整點 才 檢查 webrun awsp920 log genero 15575 </th>
   </tr> 
 
================================================================

<font color=blue> ====記憶體使用率==== </font>
 
<table width=100% border=1>
   <tr>
   <th colspan=2 style=background-color:#FFECC9> 每天 整點 才 檢查 webrun awsp920 log genero 15575 </th>
   </tr> 
 
================================================================

<font color=blue> ====記憶體使用率==== </font>
 
<table width=100% border=1>
   <tr>
   <th colspan=2 style=background-color:#FFECC9> 每天 整點 才 檢查 webrun awsp920 log genero 15575 </th>
   </tr> 
 
================================================================

<font color=blue> ====記憶體使用率==== </font>
 
<table width=100% border=1>
   <tr>
   <th colspan=2 style=background-color:#FFECC9> 每天 整點 才 檢查 webrun awsp920 log genero 15575 </th>
   </tr> 
 
================================================================

<font color=blue> ====記憶體使用率==== </font>
 
<table width=100% border=1>
   <tr>
   <th colspan=2 style=background-color:#FFECC9> 每天 整點 才 檢查 webrun awsp920 log genero 15575 </th>
   </tr> 
 
================================================================

<font color=blue> ====記憶體使用率==== </font>
 
<table width=100% border=1>
   <tr>
   <th colspan=2 style=background-color:#FFECC9> 每天 整點 才 檢查 webrun awsp920 log genero 15575 </th>
   </tr> 
 
================================================================

<font color=blue> ====記憶體使用率==== </font>
 
<table width=100% border=1>
   <tr>
   <th colspan=2 style=background-color:#FFECC9> 每天 整點 才 檢查 webrun awsp920 log genero 15575 </th>
   </tr> 
 
================================================================

<font color=blue> ====記憶體使用率==== </font>
 
<table width=100% border=1>
   <tr>
   <th colspan=2 style=background-color:#FFECC9> 每天 整點 才 檢查 webrun awsp920 log genero 15575 </th>
   </tr> 
 
================================================================

 
<table width=100% border=1>
   <tr>
   <th colspan=2 style=background-color:#FFECC9> 每天 整點 才 檢查 webrun awsp920 log genero 15575 </th>
   </tr> 
 
================================================================

<font color=blue> ====記憶體使用率==== </font>
 
<table width=100% border=1>
   <tr>
   <th colspan=2 style=background-color:#FFECC9> 每天 整點 才 檢查 webrun awsp920 log genero 15575 </th>
   </tr> 
 
================================================================

<font color=blue> ====記憶體使用率==== </font>
 
<table width=100% border=1>
   <tr>
   <th colspan=2 style=background-color:#FFECC9> 每天 整點 才 檢查 webrun awsp920 log genero 15575 </th>
   </tr> 
 
================================================================

<font color=blue> ====記憶體使用率==== </font>
 
<table width=100% border=1>
   <tr>
   <th colspan=2 style=background-color:#FFECC9> 每天 整點 才 檢查 webrun awsp920 log genero 15575 </th>
   </tr> 
 
================================================================

<font color=blue> ====記憶體使用率==== </font>
 
<table width=100% border=1>
   <tr>
   <th colspan=2 style=background-color:#FFECC9> 每天 整點 才 檢查 webrun awsp920 log genero 15575 </th>
   </tr> 
 
================================================================

<font color=blue> ====記憶體使用率==== </font>
 
<table width=100% border=1>
   <tr>
   <th colspan=2 style=background-color:#FFECC9> 每天 整點 才 檢查 webrun awsp920 log genero 15575 </th>
   </tr> 
 
================================================================

<font color=blue> ====記憶體使用率==== </font>
 
<table width=100% border=1>
   <tr>
   <th colspan=2 style=background-color:#FFECC9> 每天 整點 才 檢查 webrun awsp920 log genero 15575 </th>
   </tr> 
 
================================================================

<font color=blue> ====記憶體使用率==== </font>
 
<table width=100% border=1>
   <tr>
   <th colspan=2 style=background-color:#FFECC9> 每天 整點 才 檢查 webrun awsp920 log genero 15575 </th>
   </tr> 
 
================================================================

<font color=blue> ====記憶體使用率==== </font>
 
<table width=100% border=1>
   <tr>
   <th colspan=2 style=background-color:#FFECC9> 每天 整點 才 檢查 webrun awsp920 log genero 15575 </th>
   </tr> 
 
================================================================

<font color=blue> ====記憶體使用率==== </font>
 
<table width=100% border=1>
   <tr>
   <th colspan=2 style=background-color:#FFECC9> 每天 整點 才 檢查 webrun awsp920 log genero 15575 </th>
   </tr> 
 
================================================================

<font color=blue> ====記憶體使用率==== </font>
 
<table width=100% border=1>
   <tr>
   <th colspan=2 style=background-color:#FFECC9> 每天 整點 才 檢查 webrun awsp920 log genero 15575 </th>
   </tr> 
 
================================================================

<font color=blue> ====記憶體使用率==== </font>
 
<table width=100% border=1>
   <tr>
   <th colspan=2 style=background-color:#FFECC9> 每天 整點 才 檢查 webrun awsp920 log genero 15575 </th>
   </tr> 
 
================================================================

 
<table width=100% border=1>
   <tr>
   <th colspan=2 style=background-color:#FFECC9> 每天 整點 才 檢查 webrun awsp920 log genero 15575 </th>
   </tr> 
 
================================================================

<font color=blue> ====記憶體使用率==== </font>
 
<table width=100% border=1>
   <tr>
   <th colspan=2 style=background-color:#FFECC9> 每天 整點 才 檢查 webrun awsp920 log genero 15575 </th>
   </tr> 
 
================================================================

<font color=blue> ====記憶體使用率==== </font>
 
<table width=100% border=1>
   <tr>
   <th colspan=2 style=background-color:#FFECC9> 每天 整點 才 檢查 webrun awsp920 log genero 15575 </th>
   </tr> 
 
================================================================

<font color=blue> ====記憶體使用率==== </font>
 
<table width=100% border=1>
   <tr>
   <th colspan=2 style=background-color:#FFECC9> 每天 整點 才 檢查 webrun awsp920 log genero 15575 </th>
   </tr> 
 
================================================================

<font color=blue> ====記憶體使用率==== </font>
 
<table width=100% border=1>
   <tr>
   <th colspan=2 style=background-color:#FFECC9> 每天 整點 才 檢查 webrun awsp920 log genero 15575 </th>
   </tr> 
 
================================================================

<font color=blue> ====記憶體使用率==== </font>
 
<table width=100% border=1>
   <tr>
   <th colspan=2 style=background-color:#FFECC9> 每天 整點 才 檢查 webrun awsp920 log genero 15575 </th>
   </tr> 
 
================================================================

<font color=blue> ====記憶體使用率==== </font>
 
<table width=100% border=1>
   <tr>
   <th colspan=2 style=background-color:#FFECC9> 每天 整點 才 檢查 webrun awsp920 log genero 15575 </th>
   </tr> 
 
================================================================

<font color=blue> ====記憶體使用率==== </font>
 
<table width=100% border=1>
   <tr>
   <th colspan=2 style=background-color:#FFECC9> 每天 整點 才 檢查 webrun awsp920 log genero 15575 </th>
   </tr> 
 
================================================================

<font color=blue> ====記憶體使用率==== </font>
 
<table width=100% border=1>
   <tr>
   <th colspan=2 style=background-color:#FFECC9> 每天 整點 才 檢查 webrun awsp920 log genero 15575 </th>
   </tr> 
 
================================================================

<font color=blue> ====記憶體使用率==== </font>
 
<table width=100% border=1>
   <tr>
   <th colspan=2 style=background-color:#FFECC9> 每天 整點 才 檢查 webrun awsp920 log genero 15575 </th>
   </tr> 
 
================================================================

<font color=blue> ====記憶體使用率==== </font>
 
<table width=100% border=1>
   <tr>
   <th colspan=2 style=background-color:#FFECC9> 每天 整點 才 檢查 webrun awsp920 log genero 15575 </th>
   </tr> 
 
================================================================

<font color=blue> ====記憶體使用率==== </font>
 
<table width=100% border=1>
   <tr>
   <th colspan=2 style=background-color:#FFECC9> 每天 整點 才 檢查 webrun awsp920 log genero 15575 </th>
   </tr> 
 
================================================================

 
<table width=100% border=1>
   <tr>
   <th colspan=2 style=background-color:#FFECC9> 每天 整點 才 檢查 webrun awsp920 log genero 15575 </th>
   </tr> 
 
================================================================

<font color=blue> ====記憶體使用率==== </font>
 
<table width=100% border=1>
   <tr>
   <th colspan=2 style=background-color:#FFECC9> 每天 整點 才 檢查 webrun awsp920 log genero 15575 </th>
   </tr> 
 
================================================================

<font color=blue> ====記憶體使用率==== </font>
 
<table width=100% border=1>
   <tr>
   <th colspan=2 style=background-color:#FFECC9> 每天 整點 才 檢查 webrun awsp920 log genero 15575 </th>
   </tr> 
 
================================================================

<font color=blue> ====記憶體使用率==== </font>
 
<table width=100% border=1>
   <tr>
   <th colspan=2 style=background-color:#FFECC9> 每天 整點 才 檢查 webrun awsp920 log genero 15575 </th>
   </tr> 
 
================================================================

<font color=blue> ====記憶體使用率==== </font>
 
<table width=100% border=1>
   <tr>
   <th colspan=2 style=background-color:#FFECC9> 每天 整點 才 檢查 webrun awsp920 log genero 15575 </th>
   </tr> 
 
================================================================

<font color=blue> ====記憶體使用率==== </font>
 
<table width=100% border=1>
   <tr>
   <th colspan=2 style=background-color:#FFECC9> 每天 整點 才 檢查 webrun awsp920 log genero 15575 </th>
   </tr> 
 
================================================================

<font color=blue> ====記憶體使用率==== </font>
 
<table width=100% border=1>
   <tr>
   <th colspan=2 style=background-color:#FFECC9> 每天 整點 才 檢查 webrun awsp920 log genero 15575 </th>
   </tr> 
 
================================================================
N
<font color=blue> ====記憶體使用率==== </font>
================================================================
N
<font color=blue> ====記憶體使用率==== </font>
================================================================
N
<font color=blue> ====記憶體使用率==== </font>
================================================================
N
<font color=blue> ====記憶體使用率==== </font>
================================================================
N
<font color=blue> ====記憶體使用率==== </font>
================================================================
N
<font color=blue> ====記憶體使用率==== </font>
================================================================
N
<font color=blue> ====記憶體使用率==== </font>
================================================================
N
<font color=blue> ====記憶體使用率==== </font>
================================================================
N
<font color=blue> ====記憶體使用率==== </font>
================================================================
N
<font color=blue> ====記憶體使用率==== </font>
================================================================
N
<font color=blue> ====記憶體使用率==== </font>
================================================================
N
<font color=blue> ====記憶體使用率==== </font>
================================================================
N
<font color=blue> ====記憶體使用率==== </font>
================================================================
N
<font color=blue> ====記憶體使用率==== </font>
================================================================
N
<font color=blue> ====記憶體使用率==== </font>
================================================================
N
<font color=blue> ====記憶體使用率==== </font>
================================================================
N
<font color=blue> ====記憶體使用率==== </font>
================================================================
N
<font color=blue> ====記憶體使用率==== </font>
================================================================
N
================================================================
N
<font color=blue> ====記憶體使用率==== </font>
================================================================
N
<font color=blue> ====記憶體使用率==== </font>
================================================================
N
<font color=blue> ====記憶體使用率==== </font>
================================================================
N
<font color=blue> ====記憶體使用率==== </font>
================================================================
N
<font color=blue> ====記憶體使用率==== </font>
================================================================
N
<font color=blue> ====記憶體使用率==== </font>
================================================================
N
<font color=blue> ====記憶體使用率==== </font>
================================================================
N
<font color=blue> ====記憶體使用率==== </font>
================================================================
N
<font color=blue> ====記憶體使用率==== </font>
================================================================
N
<font color=blue> ====記憶體使用率==== </font>
================================================================
N
<font color=blue> ====記憶體使用率==== </font>
================================================================
N
<font color=blue> ====記憶體使用率==== </font>
================================================================
N
<font color=blue> ====記憶體使用率==== </font>
================================================================
N
<font color=blue> ====記憶體使用率==== </font>
================================================================
N
<font color=blue> ====記憶體使用率==== </font>
================================================================
N
<font color=blue> ====記憶體使用率==== </font>
================================================================
N
<font color=blue> ====記憶體使用率==== </font>
================================================================
N
<font color=blue> ====記憶體使用率==== </font>
================================================================
N
<font color=blue> ====記憶體使用率==== </font>
================================================================
N
<font color=blue> ====記憶體使用率==== </font>
================================================================
N
<font color=blue> ====記憶體使用率==== </font>
================================================================
N
<font color=blue> ====記憶體使用率==== </font>
================================================================
N
<font color=blue> ====記憶體使用率==== </font>
================================================================
N
<font color=blue> ====記憶體使用率==== </font>
================================================================
N
<font color=blue> ====記憶體使用率==== </font>
================================================================
N
<font color=blue> ====記憶體使用率==== </font>
================================================================
N
<font color=blue> ====記憶體使用率==== </font>
================================================================
N
<font color=blue> ====記憶體使用率==== </font>
================================================================
N
<font color=blue> ====記憶體使用率==== </font>
================================================================
N
<font color=blue> ====記憶體使用率==== </font>
================================================================
N
<font color=blue> ====記憶體使用率==== </font>
================================================================
N
<font color=blue> ====記憶體使用率==== </font>
================================================================
N
<font color=blue> ====記憶體使用率==== </font>
================================================================
N
<font color=blue> ====記憶體使用率==== </font>
================================================================
N
<font color=blue> ====記憶體使用率==== </font>
================================================================
N
<font color=blue> ====記憶體使用率==== </font>
================================================================
N
<font color=blue> ====記憶體使用率==== </font>
================================================================
N
<font color=blue> ====記憶體使用率==== </font>
================================================================
N
<font color=blue> ====記憶體使用率==== </font>
================================================================
N
<font color=blue> ====記憶體使用率==== </font>
================================================================
N
<font color=blue> ====記憶體使用率==== </font>
================================================================
N
<font color=blue> ====記憶體使用率==== </font>
================================================================
N
<font color=blue> ====記憶體使用率==== </font>
================================================================
N
<font color=blue> ====記憶體使用率==== </font>
================================================================
N
<font color=blue> ====記憶體使用率==== </font>
================================================================
N
<font color=blue> ====記憶體使用率==== </font>
================================================================
N
<font color=blue> ====記憶體使用率==== </font>
================================================================
N
<font color=blue> ====記憶體使用率==== </font>
================================================================
N
<font color=blue> ====記憶體使用率==== </font>
================================================================
N
<font color=blue> ====記憶體使用率==== </font>
================================================================
N
<font color=blue> ====記憶體使用率==== </font>
================================================================
N
<font color=blue> ====記憶體使用率==== </font>
================================================================
N
<font color=blue> ====記憶體使用率==== </font>
================================================================
N
<font color=blue> ====記憶體使用率==== </font>
================================================================
N
<font color=blue> ====記憶體使用率==== </font>
================================================================
N
<font color=blue> ====記憶體使用率==== </font>
================================================================
N
<font color=blue> ====記憶體使用率==== </font>
================================================================
N
N
<table width=100% border=1>
   <tr>
   <th colspan=2 style=background-color:#FFECC9>檢查 CPU </th>
   </tr> </table>
    
<table width=100% border=1>
            <tr>
            <th colspan=2 style=background-color:#FF3B3B>檢查 CPU 5 min load average 高於  8.00 </th>
            <th colspan=2 style=background-color:#FFECC9>CPU 5min load average :   18.12 </th>
            </tr> </table> 
<div class="content"> 
<table width=100% border=1>
                <tr>
                <th colspan=7 style=background-color:#FFECC9>2021/12/15-09:59:13 CPU 使用量 顯示 80 % 以上</th>
                </tr> 
      
<tr> 
                  <td> %CPU    </td>
                  <td> %MEM    </td>
                  <td> PID    </td>
                  <td> TT     </td>
                  <td> STIME  </td>
                  <td> TIME   </td>
                  <td>       CMD    </td>
                  </tr> 
                 

           </table> 
           </div>
           
<font color=blue> ====記憶體使用率==== </font>
================================================================
<table width=100% border=1>
   <tr>
   <th colspan=2 style=background-color:#FFECC9>檢查 CPU </th>
   </tr> </table>
    
<table width=100% border=1>
            <tr>
            <th colspan=2 style=background-color:#FF3B3B>檢查 CPU 5 min load average 高於  8.00 </th>
            <th colspan=2 style=background-color:#FFECC9>CPU 5min load average :   18.12 </th>
            </tr> </table> 
<div class="content"> 
<table width=100% border=1>
                <tr>
                <th colspan=7 style=background-color:#FFECC9>2021/12/15-09:59:14 CPU 使用量 顯示 80 % 以上</th>
                </tr> 
      
<tr> 
                  <td> %CPU    </td>
                  <td> %MEM    </td>
                  <td> PID    </td>
                  <td> TT     </td>
                  <td> STIME  </td>
                  <td> TIME   </td>
                  <td>       CMD    </td>
                  </tr> 
                 

           </table> 
           </div>
           
<font color=blue> ====記憶體使用率==== </font>
================================================================
N
<font color=blue> ====記憶體使用率==== </font>
================================================================
N
<font color=blue> ====記憶體使用率==== </font>
================================================================
N
<font color=blue> ====記憶體使用率==== </font>
================================================================
N
<font color=blue> ====記憶體使用率==== </font>
================================================================
N
<font color=blue> ====記憶體使用率==== </font>
================================================================
N
<font color=blue> ====記憶體使用率==== </font>
================================================================
N
<font color=blue> ====記憶體使用率==== </font>
================================================================
N
<font color=blue> ====記憶體使用率==== </font>
================================================================
N
<font color=blue> ====記憶體使用率==== </font>
================================================================
N
<font color=blue> ====記憶體使用率==== </font>
================================================================
N
<table width=100% border=1>
   <tr>
   <th colspan=2 style=background-color:#FFECC9>檢查 CPU </th>
   </tr> </table>
    
<table width=100% border=1>
            <tr>
            <th colspan=2 style=background-color:#FFECC9>CPU 檢查 ok </th>
            </tr> </table>
             


================================================================
N
<font color=blue> ====記憶體使用率==== </font>
================================================================
N
<font color=blue> ====記憶體使用率==== </font>
================================================================
N
<font color=blue> ====記憶體使用率==== </font>
================================================================
N
<font color=blue> ====記憶體使用率==== </font>
================================================================
N
<font color=blue> ====記憶體使用率==== </font>
================================================================
N
<font color=blue> ====記憶體使用率==== </font>
================================================================
N
<font color=blue> ====記憶體使用率==== </font>
================================================================
N
<font color=blue> ====記憶體使用率==== </font>
================================================================
N
<font color=blue> ====記憶體使用率==== </font>
================================================================
N
<font color=blue> ====記憶體使用率==== </font>
================================================================
N
<font color=blue> ====記憶體使用率==== </font>
================================================================
N
<table width=100% border=1>
   <tr>
   <th colspan=2 style=background-color:#FFECC9>檢查 CPU </th>
   </tr> </table>
    
<table width=100% border=1>
            <tr>
            <th colspan=2 style=background-color:#FFECC9>CPU 檢查 ok </th>
            </tr> </table>
             


================================================================
N
<font color=blue> ====記憶體使用率==== </font>
================================================================
N
<font color=blue> ====記憶體使用率==== </font>
================================================================
N
<font color=blue> ====記憶體使用率==== </font>
================================================================
N
<font color=blue> ====記憶體使用率==== </font>
================================================================
N
<font color=blue> ====記憶體使用率==== </font>
================================================================
N
<font color=blue> ====記憶體使用率==== </font>
================================================================
N
<font color=blue> ====記憶體使用率==== </font>
================================================================
N
<font color=blue> ====記憶體使用率==== </font>
================================================================
N
<font color=blue> ====記憶體使用率==== </font>
================================================================
N
<font color=blue> ====記憶體使用率==== </font>
================================================================
N
<font color=blue> ====記憶體使用率==== </font>
================================================================
N
<table width=100% border=1>
   <tr>
   <th colspan=2 style=background-color:#FFECC9>檢查 CPU </th>
   </tr> </table>
    
<table width=100% border=1>
            <tr>
            <th colspan=2 style=background-color:#FFECC9>CPU 檢查 ok </th>
            </tr> </table>
             


================================================================
N
<font color=blue> ====記憶體使用率==== </font>
================================================================
N
<font color=blue> ====記憶體使用率==== </font>
================================================================
N
<font color=blue> ====記憶體使用率==== </font>
================================================================
N
<font color=blue> ====記憶體使用率==== </font>
================================================================
N
<font color=blue> ====記憶體使用率==== </font>
================================================================
N
<font color=blue> ====記憶體使用率==== </font>
================================================================
N
<font color=blue> ====記憶體使用率==== </font>
================================================================
N
<font color=blue> ====記憶體使用率==== </font>
================================================================
N
<font color=blue> ====記憶體使用率==== </font>
================================================================
N
<font color=blue> ====記憶體使用率==== </font>
================================================================
N
<font color=blue> ====記憶體使用率==== </font>
================================================================
N
<font color=blue> ====記憶體使用率==== </font>
================================================================
N
<font color=blue> ====記憶體使用率==== </font>
================================================================
N
<font color=blue> ====記憶體使用率==== </font>
================================================================
N
<font color=blue> ====記憶體使用率==== </font>
================================================================
N
<font color=blue> ====記憶體使用率==== </font>
================================================================
N
<font color=blue> ====記憶體使用率==== </font>
================================================================
N
<font color=blue> ====記憶體使用率==== </font>
================================================================
N
<font color=blue> ====記憶體使用率==== </font>
================================================================
N
<font color=blue> ====記憶體使用率==== </font>
================================================================
N
<font color=blue> ====記憶體使用率==== </font>
================================================================
N
<font color=blue> ====記憶體使用率==== </font>
================================================================
N
<font color=blue> ====記憶體使用率==== </font>
================================================================
N
<font color=blue> ====記憶體使用率==== </font>
================================================================
N
<font color=blue> ====記憶體使用率==== </font>
================================================================
N
<font color=blue> ====記憶體使用率==== </font>
================================================================
N
<font color=blue> ====記憶體使用率==== </font>
================================================================
