 103  2.4 1560590 ?        11:16 00:05:08 fglrun /u1/topprd/erp/azz/42r/azzi310 {"sessionkey":"ILDL160415401b","parent":"0","prog":"azzi310","account":"tiptop","param":["{\"prog\":\"test\",\"wc\":\" 1=1\"}"],"schedule_seq":0,"static_ent":99}
 100  1.6 1574875 ?        11:17 00:03:57 fglrun /u1/topprd/erp/azz/42r/azzi310 {"sessionkey":"ILDL170464092b","parent":"0","prog":"azzi310","account":"tiptop","param":["{\"prog\":\"test\",\"wc\":\" 1=1\"}"],"schedule_seq":0,"static_ent":99}
 100  2.5 1535996 ?        11:15 00:05:58 fglrun /u1/topprd/erp/azz/42r/azzi310 {"sessionkey":"ILDL150345531b","parent":"0","prog":"azzi310","account":"tiptop","param":["{\"prog\":\"test\",\"wc\":\" 1=1\"}"],"schedule_seq":0,"static_ent":99}
97.6  1.5 1576674 ?        11:18 00:02:51 fglrun /u1/topprd/erp/azz/42r/azzi310 {"sessionkey":"ILDL180535723b","parent":"0","prog":"azzi310","account":"tiptop","param":["{\"prog\":\"test\",\"wc\":\" 1=1\"}"],"schedule_seq":0,"static_ent":99}
91.7  0.6 1581196 ?        11:19 00:01:47 fglrun /u1/topprd/erp/azz/42r/azzi310 {"sessionkey":"ILDL190386967b","parent":"0","prog":"azzi310","account":"tiptop","param":["{\"prog\":\"test\",\"wc\":\" 1=1\"}"],"schedule_seq":0,"static_ent":99}
87.5  0.2 1584234 ?        11:20 00:00:49 fglrun /u1/topprd/erp/azz/42r/azzi310 {"sessionkey":"ILDL200511665b","parent":"0","prog":"azzi310","account":"tiptop","param":["{\"prog\":\"test\",\"wc\":\" 1=1\"}"],"schedule_seq":0,"static_ent":99}
 100  4.0 1560590 ?        11:16 00:10:34 fglrun /u1/topprd/erp/azz/42r/azzi310 {"sessionkey":"ILDL160415401b","parent":"0","prog":"azzi310","account":"tiptop","param":["{\"prog\":\"test\",\"wc\":\" 1=1\"}"],"schedule_seq":0,"static_ent":99}
 100  1.7 1601526 ?        11:21 00:05:30 fglrun /u1/topprd/erp/azz/42r/azzi310 {"sessionkey":"ILDL210461666b","parent":"0","prog":"azzi310","account":"tiptop","param":["{\"prog\":\"test\",\"wc\":\" 1=1\"}"],"schedule_seq":0,"static_ent":99}
99.3  1.7 1574875 ?        11:17 00:09:26 fglrun /u1/topprd/erp/azz/42r/azzi310 {"sessionkey":"ILDL170464092b","parent":"0","prog":"azzi310","account":"tiptop","param":["{\"prog\":\"test\",\"wc\":\" 1=1\"}"],"schedule_seq":0,"static_ent":99}
98.4  1.8 1576674 ?        11:18 00:08:22 fglrun /u1/topprd/erp/azz/42r/azzi310 {"sessionkey":"ILDL180535723b","parent":"0","prog":"azzi310","account":"tiptop","param":["{\"prog\":\"test\",\"wc\":\" 1=1\"}"],"schedule_seq":0,"static_ent":99}
97.8  2.4 1581196 ?        11:19 00:07:21 fglrun /u1/topprd/erp/azz/42r/azzi310 {"sessionkey":"ILDL190386967b","parent":"0","prog":"azzi310","account":"tiptop","param":["{\"prog\":\"test\",\"wc\":\" 1=1\"}"],"schedule_seq":0,"static_ent":99}
96.7  1.7 1584234 ?        11:20 00:06:17 fglrun /u1/topprd/erp/azz/42r/azzi310 {"sessionkey":"ILDL200511665b","parent":"0","prog":"azzi310","account":"tiptop","param":["{\"prog\":\"test\",\"wc\":\" 1=1\"}"],"schedule_seq":0,"static_ent":99}
94.8  1.3 1628440 ?        11:23 00:03:18 fglrun /u1/topprd/erp/azz/42r/azzi310 {"sessionkey":"ILDL230584239b","parent":"0","prog":"azzi310","account":"tiptop","param":["{\"prog\":\"test\",\"wc\":\" 1=1\"}"],"schedule_seq":0,"static_ent":99}
94.5  1.7 1614454 ?        11:22 00:04:15 fglrun /u1/topprd/erp/azz/42r/azzi310 {"sessionkey":"ILDL220556832b","parent":"0","prog":"azzi310","account":"tiptop","param":["{\"prog\":\"test\",\"wc\":\" 1=1\"}"],"schedule_seq":0,"static_ent":99}
88.6  0.3 1630286 ?        11:24 00:02:09 fglrun /u1/topprd/erp/azz/42r/azzi310 {"sessionkey":"ILDL240897680b","parent":"0","prog":"azzi310","account":"tiptop","param":["{\"prog\":\"test\",\"wc\":\" 1=1\"}"],"schedule_seq":0,"static_ent":99}
85.5  0.2 1635626 ?        11:25 00:01:14 fglrun /u1/topprd/erp/azz/42r/azzi310 {"sessionkey":"ILDL250800879b","parent":"0","prog":"azzi310","account":"tiptop","param":["{\"prog\":\"test\",\"wc\":\" 1=1\"}"],"schedule_seq":0,"static_ent":99}
95.9  2.5 1601526 ?        11:21 00:11:22 fglrun /u1/topprd/erp/azz/42r/azzi310 {"sessionkey":"ILDL210461666b","parent":"0","prog":"azzi310","account":"tiptop","param":["{\"prog\":\"test\",\"wc\":\" 1=1\"}"],"schedule_seq":0,"static_ent":99}
95.3  1.8 1584234 ?        11:20 00:12:15 fglrun /u1/topprd/erp/azz/42r/azzi310 {"sessionkey":"ILDL200511665b","parent":"0","prog":"azzi310","account":"tiptop","param":["{\"prog\":\"test\",\"wc\":\" 1=1\"}"],"schedule_seq":0,"static_ent":99}
94.9  4.0 1581196 ?        11:19 00:13:10 fglrun /u1/topprd/erp/azz/42r/azzi310 {"sessionkey":"ILDL190386967b","parent":"0","prog":"azzi310","account":"tiptop","param":["{\"prog\":\"test\",\"wc\":\" 1=1\"}"],"schedule_seq":0,"static_ent":99}
94.6  2.5 1628440 ?        11:23 00:09:18 fglrun /u1/topprd/erp/azz/42r/azzi310 {"sessionkey":"ILDL230584239b","parent":"0","prog":"azzi310","account":"tiptop","param":["{\"prog\":\"test\",\"wc\":\" 1=1\"}"],"schedule_seq":0,"static_ent":99}
93.7  2.5 1614454 ?        11:22 00:10:10 fglrun /u1/topprd/erp/azz/42r/azzi310 {"sessionkey":"ILDL220556832b","parent":"0","prog":"azzi310","account":"tiptop","param":["{\"prog\":\"test\",\"wc\":\" 1=1\"}"],"schedule_seq":0,"static_ent":99}
93.4  2.4 1630286 ?        11:24 00:08:12 fglrun /u1/topprd/erp/azz/42r/azzi310 {"sessionkey":"ILDL240897680b","parent":"0","prog":"azzi310","account":"tiptop","param":["{\"prog\":\"test\",\"wc\":\" 1=1\"}"],"schedule_seq":0,"static_ent":99}
93.3  1.7 1646238 ?        11:26 00:06:20 fglrun /u1/topprd/erp/azz/42r/azzi310 {"sessionkey":"ILDL260859590b","parent":"0","prog":"azzi310","account":"tiptop","param":["{\"prog\":\"test\",\"wc\":\" 1=1\"}"],"schedule_seq":0,"static_ent":99}
92.6  1.8 1635626 ?        11:25 00:07:13 fglrun /u1/topprd/erp/azz/42r/azzi310 {"sessionkey":"ILDL250800879b","parent":"0","prog":"azzi310","account":"tiptop","param":["{\"prog\":\"test\",\"wc\":\" 1=1\"}"],"schedule_seq":0,"static_ent":99}
90.6  1.3 1666875 ?        11:28 00:04:19 fglrun /u1/topprd/erp/azz/42r/azzi310 {"sessionkey":"ILDL281049040b","parent":"0","prog":"azzi310","account":"tiptop","param":["{\"prog\":\"test\",\"wc\":\" 1=1\"}"],"schedule_seq":0,"static_ent":99}
88.7  1.7 1658104 ?        11:27 00:05:09 fglrun /u1/topprd/erp/azz/42r/azzi310 {"sessionkey":"ILDL270735754b","parent":"0","prog":"azzi310","account":"tiptop","param":["{\"prog\":\"test\",\"wc\":\" 1=1\"}"],"schedule_seq":0,"static_ent":99}
92.1  4.0 1601526 ?        11:21 00:15:52 fglrun /u1/topprd/erp/azz/42r/azzi310 {"sessionkey":"ILDL210461666b","parent":"0","prog":"azzi310","account":"tiptop","param":["{\"prog\":\"test\",\"wc\":\" 1=1\"}"],"schedule_seq":0,"static_ent":99}
91.0  2.5 1628440 ?        11:23 00:13:51 fglrun /u1/topprd/erp/azz/42r/azzi310 {"sessionkey":"ILDL230584239b","parent":"0","prog":"azzi310","account":"tiptop","param":["{\"prog\":\"test\",\"wc\":\" 1=1\"}"],"schedule_seq":0,"static_ent":99}
91.0  2.5 1630286 ?        11:24 00:12:53 fglrun /u1/topprd/erp/azz/42r/azzi310 {"sessionkey":"ILDL240897680b","parent":"0","prog":"azzi310","account":"tiptop","param":["{\"prog\":\"test\",\"wc\":\" 1=1\"}"],"schedule_seq":0,"static_ent":99}
89.7  2.5 1646238 ?        11:26 00:10:54 fglrun /u1/topprd/erp/azz/42r/azzi310 {"sessionkey":"ILDL260859590b","parent":"0","prog":"azzi310","account":"tiptop","param":["{\"prog\":\"test\",\"wc\":\" 1=1\"}"],"schedule_seq":0,"static_ent":99}
89.6  2.5 1635626 ?        11:25 00:11:49 fglrun /u1/topprd/erp/azz/42r/azzi310 {"sessionkey":"ILDL250800879b","parent":"0","prog":"azzi310","account":"tiptop","param":["{\"prog\":\"test\",\"wc\":\" 1=1\"}"],"schedule_seq":0,"static_ent":99}
88.0  2.5 1666875 ?        11:28 00:08:56 fglrun /u1/topprd/erp/azz/42r/azzi310 {"sessionkey":"ILDL281049040b","parent":"0","prog":"azzi310","account":"tiptop","param":["{\"prog\":\"test\",\"wc\":\" 1=1\"}"],"schedule_seq":0,"static_ent":99}
87.8  2.5 1614454 ?        11:22 00:14:15 fglrun /u1/topprd/erp/azz/42r/azzi310 {"sessionkey":"ILDL220556832b","parent":"0","prog":"azzi310","account":"tiptop","param":["{\"prog\":\"test\",\"wc\":\" 1=1\"}"],"schedule_seq":0,"static_ent":99}
85.8  1.8 1658104 ?        11:27 00:09:36 fglrun /u1/topprd/erp/azz/42r/azzi310 {"sessionkey":"ILDL270735754b","parent":"0","prog":"azzi310","account":"tiptop","param":["{\"prog\":\"test\",\"wc\":\" 1=1\"}"],"schedule_seq":0,"static_ent":99}
82.3  1.3 1708650 ?        11:33 00:04:14 fglrun /u1/topprd/erp/azz/42r/azzi310 {"sessionkey":"ILDL330969350b","parent":"0","prog":"azzi310","account":"tiptop","param":["{\"prog\":\"test\",\"wc\":\" 1=1\"}"],"schedule_seq":0,"static_ent":99}
80.2  1.8 1676286 ?        11:29 00:07:22 fglrun /u1/topprd/erp/azz/42r/azzi310 {"sessionkey":"ILDL290763243b","parent":"0","prog":"azzi310","account":"tiptop","param":["{\"prog\":\"test\",\"wc\":\" 1=1\"}"],"schedule_seq":0,"static_ent":99}
84.5  1.8 1658104 ?        11:27 00:12:56 fglrun /u1/topprd/erp/azz/42r/azzi310 {"sessionkey":"ILDL270735754b","parent":"0","prog":"azzi310","account":"tiptop","param":["{\"prog\":\"test\",\"wc\":\" 1=1\"}"],"schedule_seq":0,"static_ent":99}
80.9  0.2 1768634 ?        11:40 00:01:46 fglrun /u1/topprd/erp/azz/42r/azzi310 {"sessionkey":"ILDL401421503b","parent":"0","prog":"azzi310","account":"tiptop","param":["{\"prog\":\"test\",\"wc\":\" 1=1\"}"],"schedule_seq":0,"static_ent":99}
80.8  1.8 1684605 ?        11:30 00:09:54 fglrun /u1/topprd/erp/azz/42r/azzi310 {"sessionkey":"ILDL301015802b","parent":"0","prog":"azzi310","account":"tiptop","param":["{\"prog\":\"test\",\"wc\":\" 1=1\"}"],"schedule_seq":0,"static_ent":99}
 100  1.8 1923562 ?        11:55 00:04:49 fglrun /u1/topprd/erp/azz/42r/azzi310 {"sessionkey":"ILDL550393890b","parent":"0","prog":"azzi310","account":"tiptop","param":["{\"prog\":\"test\",\"wc\":\" 1=1\"}"],"schedule_seq":0,"static_ent":99}
 100  1.8 1923562 ?        11:55 00:05:44 fglrun /u1/topprd/erp/azz/42r/azzi310 {"sessionkey":"ILDL550393890b","parent":"0","prog":"azzi310","account":"tiptop","param":["{\"prog\":\"test\",\"wc\":\" 1=1\"}"],"schedule_seq":0,"static_ent":99}
88.4  0.2 1971352 ?        12:00 00:00:37 fglrun /u1/topprd/erp/azz/42r/azzi310 {"sessionkey":"ILDM000482754b","parent":"0","prog":"azzi310","account":"tiptop","param":["{\"prog\":\"test\",\"wc\":\" 1=1\"}"],"schedule_seq":0,"static_ent":99}
 100  2.4 1971352 ?        12:00 00:05:31 fglrun /u1/topprd/erp/azz/42r/azzi310 {"sessionkey":"ILDM000482754b","parent":"0","prog":"azzi310","account":"tiptop","param":["{\"prog\":\"test\",\"wc\":\" 1=1\"}"],"schedule_seq":0,"static_ent":99}
89.9  0.2 2077603 ?        12:05 00:00:28 fglrun /u1/topprd/erp/azz/42r/azzi310 {"sessionkey":"ILDM050434364b","parent":"0","prog":"azzi310","account":"tiptop","param":["{\"prog\":\"test\",\"wc\":\" 1=1\"}"],"schedule_seq":0,"static_ent":99}
 100  1.4 2077603 ?        12:05 00:05:34 fglrun /u1/topprd/erp/azz/42r/azzi310 {"sessionkey":"ILDM050434364b","parent":"0","prog":"azzi310","account":"tiptop","param":["{\"prog\":\"test\",\"wc\":\" 1=1\"}"],"schedule_seq":0,"static_ent":99}
87.3  0.1 2123794 ?        12:10 00:00:27 fglrun /u1/topprd/erp/azz/42r/azzi310 {"sessionkey":"ILDM100445477b","parent":"0","prog":"azzi310","account":"tiptop","param":["{\"prog\":\"test\",\"wc\":\" 1=1\"}"],"schedule_seq":0,"static_ent":99}
 101  2.5 2123794 ?        12:10 00:05:40 fglrun /u1/topprd/erp/azz/42r/azzi310 {"sessionkey":"ILDM100445477b","parent":"0","prog":"azzi310","account":"tiptop","param":["{\"prog\":\"test\",\"wc\":\" 1=1\"}"],"schedule_seq":0,"static_ent":99}
87.8  0.2 2172339 ?        12:15 00:00:31 fglrun /u1/topprd/erp/azz/42r/azzi310 {"sessionkey":"ILDM150440790b","parent":"0","prog":"azzi310","account":"tiptop","param":["{\"prog\":\"test\",\"wc\":\" 1=1\"}"],"schedule_seq":0,"static_ent":99}
 100  1.5 2172339 ?        12:15 00:05:43 fglrun /u1/topprd/erp/azz/42r/azzi310 {"sessionkey":"ILDM150440790b","parent":"0","prog":"azzi310","account":"tiptop","param":["{\"prog\":\"test\",\"wc\":\" 1=1\"}"],"schedule_seq":0,"static_ent":99}
87.3  0.2 2218870 ?        12:20 00:00:34 fglrun /u1/topprd/erp/azz/42r/azzi310 {"sessionkey":"ILDM200510037b","parent":"0","prog":"azzi310","account":"tiptop","param":["{\"prog\":\"test\",\"wc\":\" 1=1\"}"],"schedule_seq":0,"static_ent":99}
99.7  1.5 2218870 ?        12:20 00:05:31 fglrun /u1/topprd/erp/azz/42r/azzi310 {"sessionkey":"ILDM200510037b","parent":"0","prog":"azzi310","account":"tiptop","param":["{\"prog\":\"test\",\"wc\":\" 1=1\"}"],"schedule_seq":0,"static_ent":99}
89.6  0.1 2267613 ?        12:25 00:00:29 fglrun /u1/topprd/erp/azz/42r/azzi310 {"sessionkey":"ILDM250437174b","parent":"0","prog":"azzi310","account":"tiptop","param":["{\"prog\":\"test\",\"wc\":\" 1=1\"}"],"schedule_seq":0,"static_ent":99}
99.7  1.4 2267613 ?        12:25 00:05:36 fglrun /u1/topprd/erp/azz/42r/azzi310 {"sessionkey":"ILDM250437174b","parent":"0","prog":"azzi310","account":"tiptop","param":["{\"prog\":\"test\",\"wc\":\" 1=1\"}"],"schedule_seq":0,"static_ent":99}
87.1  0.2 2313645 ?        12:30 00:00:32 fglrun /u1/topprd/erp/azz/42r/azzi310 {"sessionkey":"ILDM300428604b","parent":"0","prog":"azzi310","account":"tiptop","param":["{\"prog\":\"test\",\"wc\":\" 1=1\"}"],"schedule_seq":0,"static_ent":99}
99.9  1.4 2313645 ?        12:30 00:05:37 fglrun /u1/topprd/erp/azz/42r/azzi310 {"sessionkey":"ILDM300428604b","parent":"0","prog":"azzi310","account":"tiptop","param":["{\"prog\":\"test\",\"wc\":\" 1=1\"}"],"schedule_seq":0,"static_ent":99}
90.4  0.1 2474087 ?        12:45 00:00:24 fglrun /u1/topprd/erp/azz/42r/azzi310 {"sessionkey":"ILDM450385251b","parent":"0","prog":"azzi310","account":"tiptop","param":["{\"prog\":\"test\",\"wc\":\" 1=1\"}"],"schedule_seq":0,"static_ent":99}
90.3  0.2 2474087 ?        12:45 00:00:31 fglrun /u1/topprd/erp/azz/42r/azzi310 {"sessionkey":"ILDM450385251b","parent":"0","prog":"azzi310","account":"tiptop","param":["{\"prog\":\"test\",\"wc\":\" 1=1\"}"],"schedule_seq":0,"static_ent":99}
 100  1.4 2474087 ?        12:45 00:05:34 fglrun /u1/topprd/erp/azz/42r/azzi310 {"sessionkey":"ILDM450385251b","parent":"0","prog":"azzi310","account":"tiptop","param":["{\"prog\":\"test\",\"wc\":\" 1=1\"}"],"schedule_seq":0,"static_ent":99}
87.9  0.2 2530813 ?        12:50 00:00:29 fglrun /u1/topprd/erp/azz/42r/azzi310 {"sessionkey":"ILDM500442207b","parent":"0","prog":"azzi310","account":"tiptop","param":["{\"prog\":\"test\",\"wc\":\" 1=1\"}"],"schedule_seq":0,"static_ent":99}
 101  1.4 2530813 ?        12:50 00:05:37 fglrun /u1/topprd/erp/azz/42r/azzi310 {"sessionkey":"ILDM500442207b","parent":"0","prog":"azzi310","account":"tiptop","param":["{\"prog\":\"test\",\"wc\":\" 1=1\"}"],"schedule_seq":0,"static_ent":99}
90.9  0.2 2580183 ?        12:55 00:00:30 fglrun /u1/topprd/erp/azz/42r/azzi310 {"sessionkey":"ILDM550499026b","parent":"0","prog":"azzi310","account":"tiptop","param":["{\"prog\":\"test\",\"wc\":\" 1=1\"}"],"schedule_seq":0,"static_ent":99}
 100  1.8 2580183 ?        12:55 00:05:44 fglrun /u1/topprd/erp/azz/42r/azzi310 {"sessionkey":"ILDM550499026b","parent":"0","prog":"azzi310","account":"tiptop","param":["{\"prog\":\"test\",\"wc\":\" 1=1\"}"],"schedule_seq":0,"static_ent":99}
88.9  0.2 2633942 ?        13:00 00:00:39 fglrun /u1/topprd/erp/azz/42r/azzi310 {"sessionkey":"ILDN000517016b","parent":"0","prog":"azzi310","account":"tiptop","param":["{\"prog\":\"test\",\"wc\":\" 1=1\"}"],"schedule_seq":0,"static_ent":99}
 100  1.5 2633942 ?        13:00 00:05:34 fglrun /u1/topprd/erp/azz/42r/azzi310 {"sessionkey":"ILDN000517016b","parent":"0","prog":"azzi310","account":"tiptop","param":["{\"prog\":\"test\",\"wc\":\" 1=1\"}"],"schedule_seq":0,"static_ent":99}
89.4  0.2 2742867 ?        13:05 00:00:30 fglrun /u1/topprd/erp/azz/42r/azzi310 {"sessionkey":"ILDN050447466b","parent":"0","prog":"azzi310","account":"tiptop","param":["{\"prog\":\"test\",\"wc\":\" 1=1\"}"],"schedule_seq":0,"static_ent":99}
 103  1.7 2742867 ?        13:05 00:05:48 fglrun /u1/topprd/erp/azz/42r/azzi310 {"sessionkey":"ILDN050447466b","parent":"0","prog":"azzi310","account":"tiptop","param":["{\"prog\":\"test\",\"wc\":\" 1=1\"}"],"schedule_seq":0,"static_ent":99}
90.6  0.2 2792851 ?        13:10 00:00:32 fglrun /u1/topprd/erp/azz/42r/azzi310 {"sessionkey":"ILDN100467437b","parent":"0","prog":"azzi310","account":"tiptop","param":["{\"prog\":\"test\",\"wc\":\" 1=1\"}"],"schedule_seq":0,"static_ent":99}
 100  1.8 2792851 ?        13:10 00:05:45 fglrun /u1/topprd/erp/azz/42r/azzi310 {"sessionkey":"ILDN100467437b","parent":"0","prog":"azzi310","account":"tiptop","param":["{\"prog\":\"test\",\"wc\":\" 1=1\"}"],"schedule_seq":0,"static_ent":99}
89.8  0.2 2843002 ?        13:15 00:00:39 fglrun /u1/topprd/erp/azz/42r/azzi310 {"sessionkey":"ILDN150438925b","parent":"0","prog":"azzi310","account":"tiptop","param":["{\"prog\":\"test\",\"wc\":\" 1=1\"}"],"schedule_seq":0,"static_ent":99}
 100  1.8 2843002 ?        13:15 00:05:47 fglrun /u1/topprd/erp/azz/42r/azzi310 {"sessionkey":"ILDN150438925b","parent":"0","prog":"azzi310","account":"tiptop","param":["{\"prog\":\"test\",\"wc\":\" 1=1\"}"],"schedule_seq":0,"static_ent":99}
90.4  0.2 2889562 ?        13:20 00:00:40 fglrun /u1/topprd/erp/azz/42r/azzi310 {"sessionkey":"ILDN200497004b","parent":"0","prog":"azzi310","account":"tiptop","param":["{\"prog\":\"test\",\"wc\":\" 1=1\"}"],"schedule_seq":0,"static_ent":99}
 100  1.5 2889562 ?        13:20 00:05:45 fglrun /u1/topprd/erp/azz/42r/azzi310 {"sessionkey":"ILDN200497004b","parent":"0","prog":"azzi310","account":"tiptop","param":["{\"prog\":\"test\",\"wc\":\" 1=1\"}"],"schedule_seq":0,"static_ent":99}
91.2  0.2 2938290 ?        13:25 00:00:39 fglrun /u1/topprd/erp/azz/42r/azzi310 {"sessionkey":"ILDN250463585b","parent":"0","prog":"azzi310","account":"tiptop","param":["{\"prog\":\"test\",\"wc\":\" 1=1\"}"],"schedule_seq":0,"static_ent":99}
 105  2.5 2938290 ?        13:25 00:05:59 fglrun /u1/topprd/erp/azz/42r/azzi310 {"sessionkey":"ILDN250463585b","parent":"0","prog":"azzi310","account":"tiptop","param":["{\"prog\":\"test\",\"wc\":\" 1=1\"}"],"schedule_seq":0,"static_ent":99}
87.2  0.2 2984325 ?        13:30 00:00:35 fglrun /u1/topprd/erp/azz/42r/azzi310 {"sessionkey":"ILDN300448946b","parent":"0","prog":"azzi310","account":"tiptop","param":["{\"prog\":\"test\",\"wc\":\" 1=1\"}"],"schedule_seq":0,"static_ent":99}
99.7  1.5 2984325 ?        13:30 00:05:41 fglrun /u1/topprd/erp/azz/42r/azzi310 {"sessionkey":"ILDN300448946b","parent":"0","prog":"azzi310","account":"tiptop","param":["{\"prog\":\"test\",\"wc\":\" 1=1\"}"],"schedule_seq":0,"static_ent":99}
90.6  0.2 3033577 ?        13:35 00:00:37 fglrun /u1/topprd/erp/azz/42r/azzi310 {"sessionkey":"ILDN350467960b","parent":"0","prog":"azzi310","account":"tiptop","param":["{\"prog\":\"test\",\"wc\":\" 1=1\"}"],"schedule_seq":0,"static_ent":99}
99.9  1.4 3033577 ?        13:35 00:05:35 fglrun /u1/topprd/erp/azz/42r/azzi310 {"sessionkey":"ILDN350467960b","parent":"0","prog":"azzi310","account":"tiptop","param":["{\"prog\":\"test\",\"wc\":\" 1=1\"}"],"schedule_seq":0,"static_ent":99}
89.5  0.2 3079650 ?        13:40 00:00:32 fglrun /u1/topprd/erp/azz/42r/azzi310 {"sessionkey":"ILDN400480187b","parent":"0","prog":"azzi310","account":"tiptop","param":["{\"prog\":\"test\",\"wc\":\" 1=1\"}"],"schedule_seq":0,"static_ent":99}
 100  1.4 3079650 ?        13:40 00:05:31 fglrun /u1/topprd/erp/azz/42r/azzi310 {"sessionkey":"ILDN400480187b","parent":"0","prog":"azzi310","account":"tiptop","param":["{\"prog\":\"test\",\"wc\":\" 1=1\"}"],"schedule_seq":0,"static_ent":99}
89.3  0.1 3128483 ?        13:45 00:00:26 fglrun /u1/topprd/erp/azz/42r/azzi310 {"sessionkey":"ILDN450437951b","parent":"0","prog":"azzi310","account":"tiptop","param":["{\"prog\":\"test\",\"wc\":\" 1=1\"}"],"schedule_seq":0,"static_ent":99}
 100  1.4 3128483 ?        13:45 00:05:35 fglrun /u1/topprd/erp/azz/42r/azzi310 {"sessionkey":"ILDN450437951b","parent":"0","prog":"azzi310","account":"tiptop","param":["{\"prog\":\"test\",\"wc\":\" 1=1\"}"],"schedule_seq":0,"static_ent":99}
87.3  0.2 3174849 ?        13:50 00:00:29 fglrun /u1/topprd/erp/azz/42r/azzi310 {"sessionkey":"ILDN500505241b","parent":"0","prog":"azzi310","account":"tiptop","param":["{\"prog\":\"test\",\"wc\":\" 1=1\"}"],"schedule_seq":0,"static_ent":99}
 100  1.4 3174849 ?        13:50 00:05:34 fglrun /u1/topprd/erp/azz/42r/azzi310 {"sessionkey":"ILDN500505241b","parent":"0","prog":"azzi310","account":"tiptop","param":["{\"prog\":\"test\",\"wc\":\" 1=1\"}"],"schedule_seq":0,"static_ent":99}
89.3  0.2 3223549 ?        13:55 00:00:30 fglrun /u1/topprd/erp/azz/42r/azzi310 {"sessionkey":"ILDN550394352b","parent":"0","prog":"azzi310","account":"tiptop","param":["{\"prog\":\"test\",\"wc\":\" 1=1\"}"],"schedule_seq":0,"static_ent":99}
 101  2.5 3223549 ?        13:55 00:05:41 fglrun /u1/topprd/erp/azz/42r/azzi310 {"sessionkey":"ILDN550394352b","parent":"0","prog":"azzi310","account":"tiptop","param":["{\"prog\":\"test\",\"wc\":\" 1=1\"}"],"schedule_seq":0,"static_ent":99}
89.2  0.2 3270432 ?        14:00 00:00:31 fglrun /u1/topprd/erp/azz/42r/azzi310 {"sessionkey":"ILDO000433313b","parent":"0","prog":"azzi310","account":"tiptop","param":["{\"prog\":\"test\",\"wc\":\" 1=1\"}"],"schedule_seq":0,"static_ent":99}
 106  2.5 3270432 ?        14:00 00:05:47 fglrun /u1/topprd/erp/azz/42r/azzi310 {"sessionkey":"ILDO000433313b","parent":"0","prog":"azzi310","account":"tiptop","param":["{\"prog\":\"test\",\"wc\":\" 1=1\"}"],"schedule_seq":0,"static_ent":99}
93.0  0.1 3376548 ?        14:05 00:00:26 fglrun /u1/topprd/erp/azz/42r/azzi310 {"sessionkey":"ILDO050360314b","parent":"0","prog":"azzi310","account":"tiptop","param":["{\"prog\":\"test\",\"wc\":\" 1=1\"}"],"schedule_seq":0,"static_ent":99}
 104  2.5 3376548 ?        14:05 00:05:50 fglrun /u1/topprd/erp/azz/42r/azzi310 {"sessionkey":"ILDO050360314b","parent":"0","prog":"azzi310","account":"tiptop","param":["{\"prog\":\"test\",\"wc\":\" 1=1\"}"],"schedule_seq":0,"static_ent":99}
88.5  0.2 3422579 ?        14:10 00:00:30 fglrun /u1/topprd/erp/azz/42r/azzi310 {"sessionkey":"ILDO100451945b","parent":"0","prog":"azzi310","account":"tiptop","param":["{\"prog\":\"test\",\"wc\":\" 1=1\"}"],"schedule_seq":0,"static_ent":99}
 102  2.4 3422579 ?        14:10 00:05:47 fglrun /u1/topprd/erp/azz/42r/azzi310 {"sessionkey":"ILDO100451945b","parent":"0","prog":"azzi310","account":"tiptop","param":["{\"prog\":\"test\",\"wc\":\" 1=1\"}"],"schedule_seq":0,"static_ent":99}
88.2  0.2 3471332 ?        14:15 00:00:33 fglrun /u1/topprd/erp/azz/42r/azzi310 {"sessionkey":"ILDO150515332b","parent":"0","prog":"azzi310","account":"tiptop","param":["{\"prog\":\"test\",\"wc\":\" 1=1\"}"],"schedule_seq":0,"static_ent":99}
99.1  1.4 3471332 ?        14:15 00:05:43 fglrun /u1/topprd/erp/azz/42r/azzi310 {"sessionkey":"ILDO150515332b","parent":"0","prog":"azzi310","account":"tiptop","param":["{\"prog\":\"test\",\"wc\":\" 1=1\"}"],"schedule_seq":0,"static_ent":99}
87.3  0.2 3517785 ?        14:20 00:00:41 fglrun /u1/topprd/erp/azz/42r/azzi310 {"sessionkey":"ILDO200444297b","parent":"0","prog":"azzi310","account":"tiptop","param":["{\"prog\":\"test\",\"wc\":\" 1=1\"}"],"schedule_seq":0,"static_ent":99}
99.3  1.5 3517785 ?        14:20 00:05:34 fglrun /u1/topprd/erp/azz/42r/azzi310 {"sessionkey":"ILDO200444297b","parent":"0","prog":"azzi310","account":"tiptop","param":["{\"prog\":\"test\",\"wc\":\" 1=1\"}"],"schedule_seq":0,"static_ent":99}
91.4  0.2 3566679 ?        14:25 00:00:32 fglrun /u1/topprd/erp/azz/42r/azzi310 {"sessionkey":"ILDO250486291b","parent":"0","prog":"azzi310","account":"tiptop","param":["{\"prog\":\"test\",\"wc\":\" 1=1\"}"],"schedule_seq":0,"static_ent":99}
 101  1.4 3566679 ?        14:25 00:05:48 fglrun /u1/topprd/erp/azz/42r/azzi310 {"sessionkey":"ILDO250486291b","parent":"0","prog":"azzi310","account":"tiptop","param":["{\"prog\":\"test\",\"wc\":\" 1=1\"}"],"schedule_seq":0,"static_ent":99}
89.5  0.2 3612680 ?        14:30 00:00:39 fglrun /u1/topprd/erp/azz/42r/azzi310 {"sessionkey":"ILDO300482886b","parent":"0","prog":"azzi310","account":"tiptop","param":["{\"prog\":\"test\",\"wc\":\" 1=1\"}"],"schedule_seq":0,"static_ent":99}
 100  2.4 3612680 ?        14:30 00:05:37 fglrun /u1/topprd/erp/azz/42r/azzi310 {"sessionkey":"ILDO300482886b","parent":"0","prog":"azzi310","account":"tiptop","param":["{\"prog\":\"test\",\"wc\":\" 1=1\"}"],"schedule_seq":0,"static_ent":99}
88.4  0.2 3661780 ?        14:35 00:00:31 fglrun /u1/topprd/erp/azz/42r/azzi310 {"sessionkey":"ILDO350449541b","parent":"0","prog":"azzi310","account":"tiptop","param":["{\"prog\":\"test\",\"wc\":\" 1=1\"}"],"schedule_seq":0,"static_ent":99}
 101  2.4 3661780 ?        14:35 00:05:45 fglrun /u1/topprd/erp/azz/42r/azzi310 {"sessionkey":"ILDO350449541b","parent":"0","prog":"azzi310","account":"tiptop","param":["{\"prog\":\"test\",\"wc\":\" 1=1\"}"],"schedule_seq":0,"static_ent":99}
88.8  0.2 3707892 ?        14:40 00:00:36 fglrun /u1/topprd/erp/azz/42r/azzi310 {"sessionkey":"ILDO400490907b","parent":"0","prog":"azzi310","account":"tiptop","param":["{\"prog\":\"test\",\"wc\":\" 1=1\"}"],"schedule_seq":0,"static_ent":99}
 100  1.5 3707892 ?        14:40 00:05:40 fglrun /u1/topprd/erp/azz/42r/azzi310 {"sessionkey":"ILDO400490907b","parent":"0","prog":"azzi310","account":"tiptop","param":["{\"prog\":\"test\",\"wc\":\" 1=1\"}"],"schedule_seq":0,"static_ent":99}
90.4  0.2 3756687 ?        14:45 00:00:36 fglrun /u1/topprd/erp/azz/42r/azzi310 {"sessionkey":"ILDO450388375b","parent":"0","prog":"azzi310","account":"tiptop","param":["{\"prog\":\"test\",\"wc\":\" 1=1\"}"],"schedule_seq":0,"static_ent":99}
 100  1.4 3756687 ?        14:45 00:05:45 fglrun /u1/topprd/erp/azz/42r/azzi310 {"sessionkey":"ILDO450388375b","parent":"0","prog":"azzi310","account":"tiptop","param":["{\"prog\":\"test\",\"wc\":\" 1=1\"}"],"schedule_seq":0,"static_ent":99}
88.9  0.2 3803233 ?        14:50 00:00:38 fglrun /u1/topprd/erp/azz/42r/azzi310 {"sessionkey":"ILDO500466697b","parent":"0","prog":"azzi310","account":"tiptop","param":["{\"prog\":\"test\",\"wc\":\" 1=1\"}"],"schedule_seq":0,"static_ent":99}
99.9  1.8 3803233 ?        14:50 00:05:33 fglrun /u1/topprd/erp/azz/42r/azzi310 {"sessionkey":"ILDO500466697b","parent":"0","prog":"azzi310","account":"tiptop","param":["{\"prog\":\"test\",\"wc\":\" 1=1\"}"],"schedule_seq":0,"static_ent":99}
88.7  0.2 3851961 ?        14:55 00:00:31 fglrun /u1/topprd/erp/azz/42r/azzi310 {"sessionkey":"ILDO550450788b","parent":"0","prog":"azzi310","account":"tiptop","param":["{\"prog\":\"test\",\"wc\":\" 1=1\"}"],"schedule_seq":0,"static_ent":99}
 100  2.5 3851961 ?        14:55 00:05:45 fglrun /u1/topprd/erp/azz/42r/azzi310 {"sessionkey":"ILDO550450788b","parent":"0","prog":"azzi310","account":"tiptop","param":["{\"prog\":\"test\",\"wc\":\" 1=1\"}"],"schedule_seq":0,"static_ent":99}
87.3  0.2 3898564 ?        15:00 00:00:35 fglrun /u1/topprd/erp/azz/42r/azzi310 {"sessionkey":"ILDP000504446b","parent":"0","prog":"azzi310","account":"tiptop","param":["{\"prog\":\"test\",\"wc\":\" 1=1\"}"],"schedule_seq":0,"static_ent":99}
 103  2.4 3898564 ?        15:00 00:05:47 fglrun /u1/topprd/erp/azz/42r/azzi310 {"sessionkey":"ILDP000504446b","parent":"0","prog":"azzi310","account":"tiptop","param":["{\"prog\":\"test\",\"wc\":\" 1=1\"}"],"schedule_seq":0,"static_ent":99}
90.0  0.2 4004715 ?        15:05 00:00:32 fglrun /u1/topprd/erp/azz/42r/azzi310 {"sessionkey":"ILDP050387136b","parent":"0","prog":"azzi310","account":"tiptop","param":["{\"prog\":\"test\",\"wc\":\" 1=1\"}"],"schedule_seq":0,"static_ent":99}
 101  2.4 4004715 ?        15:05 00:05:40 fglrun /u1/topprd/erp/azz/42r/azzi310 {"sessionkey":"ILDP050387136b","parent":"0","prog":"azzi310","account":"tiptop","param":["{\"prog\":\"test\",\"wc\":\" 1=1\"}"],"schedule_seq":0,"static_ent":99}
88.7  0.2 4051253 ?        15:10 00:00:31 fglrun /u1/topprd/erp/azz/42r/azzi310 {"sessionkey":"ILDP100455459b","parent":"0","prog":"azzi310","account":"tiptop","param":["{\"prog\":\"test\",\"wc\":\" 1=1\"}"],"schedule_seq":0,"static_ent":99}
99.6  1.5 4051253 ?        15:10 00:05:30 fglrun /u1/topprd/erp/azz/42r/azzi310 {"sessionkey":"ILDP100455459b","parent":"0","prog":"azzi310","account":"tiptop","param":["{\"prog\":\"test\",\"wc\":\" 1=1\"}"],"schedule_seq":0,"static_ent":99}
91.3  0.1 4100010 ?        15:15 00:00:29 fglrun /u1/topprd/erp/azz/42r/azzi310 {"sessionkey":"ILDP150376228b","parent":"0","prog":"azzi310","account":"tiptop","param":["{\"prog\":\"test\",\"wc\":\" 1=1\"}"],"schedule_seq":0,"static_ent":99}
 100  1.8 4100010 ?        15:15 00:05:36 fglrun /u1/topprd/erp/azz/42r/azzi310 {"sessionkey":"ILDP150376228b","parent":"0","prog":"azzi310","account":"tiptop","param":["{\"prog\":\"test\",\"wc\":\" 1=1\"}"],"schedule_seq":0,"static_ent":99}
89.1  0.2 4146502 ?        15:20 00:00:31 fglrun /u1/topprd/erp/azz/42r/azzi310 {"sessionkey":"ILDP200423711b","parent":"0","prog":"azzi310","account":"tiptop","param":["{\"prog\":\"test\",\"wc\":\" 1=1\"}"],"schedule_seq":0,"static_ent":99}
 102  1.8 4146502 ?        15:20 00:05:47 fglrun /u1/topprd/erp/azz/42r/azzi310 {"sessionkey":"ILDP200423711b","parent":"0","prog":"azzi310","account":"tiptop","param":["{\"prog\":\"test\",\"wc\":\" 1=1\"}"],"schedule_seq":0,"static_ent":99}
91.9  0.2    1317 ?        15:25 00:00:34 fglrun /u1/topprd/erp/azz/42r/azzi310 {"sessionkey":"ILDP250394731b","parent":"0","prog":"azzi310","account":"tiptop","param":["{\"prog\":\"test\",\"wc\":\" 1=1\"}"],"schedule_seq":0,"static_ent":99}
99.9  1.5    1317 ?        15:25 00:05:38 fglrun /u1/topprd/erp/azz/42r/azzi310 {"sessionkey":"ILDP250394731b","parent":"0","prog":"azzi310","account":"tiptop","param":["{\"prog\":\"test\",\"wc\":\" 1=1\"}"],"schedule_seq":0,"static_ent":99}
90.2  0.2   48013 ?        15:30 00:00:35 fglrun /u1/topprd/erp/azz/42r/azzi310 {"sessionkey":"ILDP300412222b","parent":"0","prog":"azzi310","account":"tiptop","param":["{\"prog\":\"test\",\"wc\":\" 1=1\"}"],"schedule_seq":0,"static_ent":99}
 102  1.7   48013 ?        15:30 00:05:46 fglrun /u1/topprd/erp/azz/42r/azzi310 {"sessionkey":"ILDP300412222b","parent":"0","prog":"azzi310","account":"tiptop","param":["{\"prog\":\"test\",\"wc\":\" 1=1\"}"],"schedule_seq":0,"static_ent":99}
90.4  0.2   96915 ?        15:35 00:00:32 fglrun /u1/topprd/erp/azz/42r/azzi310 {"sessionkey":"ILDP350434100b","parent":"0","prog":"azzi310","account":"tiptop","param":["{\"prog\":\"test\",\"wc\":\" 1=1\"}"],"schedule_seq":0,"static_ent":99}
 100  1.8   96915 ?        15:35 00:05:42 fglrun /u1/topprd/erp/azz/42r/azzi310 {"sessionkey":"ILDP350434100b","parent":"0","prog":"azzi310","account":"tiptop","param":["{\"prog\":\"test\",\"wc\":\" 1=1\"}"],"schedule_seq":0,"static_ent":99}
90.6  0.2  143092 ?        15:40 00:00:37 fglrun /u1/topprd/erp/azz/42r/azzi310 {"sessionkey":"ILDP400479309b","parent":"0","prog":"azzi310","account":"tiptop","param":["{\"prog\":\"test\",\"wc\":\" 1=1\"}"],"schedule_seq":0,"static_ent":99}
99.7  1.4  143092 ?        15:40 00:05:34 fglrun /u1/topprd/erp/azz/42r/azzi310 {"sessionkey":"ILDP400479309b","parent":"0","prog":"azzi310","account":"tiptop","param":["{\"prog\":\"test\",\"wc\":\" 1=1\"}"],"schedule_seq":0,"static_ent":99}
89.0  0.2  192243 ?        15:45 00:00:31 fglrun /u1/topprd/erp/azz/42r/azzi310 {"sessionkey":"ILDP450494026b","parent":"0","prog":"azzi310","account":"tiptop","param":["{\"prog\":\"test\",\"wc\":\" 1=1\"}"],"schedule_seq":0,"static_ent":99}
 100  2.4  192243 ?        15:45 00:05:40 fglrun /u1/topprd/erp/azz/42r/azzi310 {"sessionkey":"ILDP450494026b","parent":"0","prog":"azzi310","account":"tiptop","param":["{\"prog\":\"test\",\"wc\":\" 1=1\"}"],"schedule_seq":0,"static_ent":99}
88.3  0.2  238566 ?        15:50 00:00:34 fglrun /u1/topprd/erp/azz/42r/azzi310 {"sessionkey":"ILDP500443539b","parent":"0","prog":"azzi310","account":"tiptop","param":["{\"prog\":\"test\",\"wc\":\" 1=1\"}"],"schedule_seq":0,"static_ent":99}
 100  2.4  238566 ?        15:50 00:05:42 fglrun /u1/topprd/erp/azz/42r/azzi310 {"sessionkey":"ILDP500443539b","parent":"0","prog":"azzi310","account":"tiptop","param":["{\"prog\":\"test\",\"wc\":\" 1=1\"}"],"schedule_seq":0,"static_ent":99}
90.0  0.1  287447 ?        15:55 00:00:35 fglrun /u1/topprd/erp/azz/42r/azzi310 {"sessionkey":"ILDP550504597b","parent":"0","prog":"azzi310","account":"tiptop","param":["{\"prog\":\"test\",\"wc\":\" 1=1\"}"],"schedule_seq":0,"static_ent":99}
98.7  1.5  287447 ?        15:55 00:05:40 fglrun /u1/topprd/erp/azz/42r/azzi310 {"sessionkey":"ILDP550504597b","parent":"0","prog":"azzi310","account":"tiptop","param":["{\"prog\":\"test\",\"wc\":\" 1=1\"}"],"schedule_seq":0,"static_ent":99}
88.8  0.2  333829 ?        16:00 00:00:40 fglrun /u1/topprd/erp/azz/42r/azzi310 {"sessionkey":"ILDQ000428157b","parent":"0","prog":"azzi310","account":"tiptop","param":["{\"prog\":\"test\",\"wc\":\" 1=1\"}"],"schedule_seq":0,"static_ent":99}
 103  2.4  333829 ?        16:00 00:05:57 fglrun /u1/topprd/erp/azz/42r/azzi310 {"sessionkey":"ILDQ000428157b","parent":"0","prog":"azzi310","account":"tiptop","param":["{\"prog\":\"test\",\"wc\":\" 1=1\"}"],"schedule_seq":0,"static_ent":99}
88.9  0.2  440070 ?        16:05 00:00:40 fglrun /u1/topprd/erp/azz/42r/azzi310 {"sessionkey":"ILDQ050410752b","parent":"0","prog":"azzi310","account":"tiptop","param":["{\"prog\":\"test\",\"wc\":\" 1=1\"}"],"schedule_seq":0,"static_ent":99}
 100  1.4  440070 ?        16:05 00:05:50 fglrun /u1/topprd/erp/azz/42r/azzi310 {"sessionkey":"ILDQ050410752b","parent":"0","prog":"azzi310","account":"tiptop","param":["{\"prog\":\"test\",\"wc\":\" 1=1\"}"],"schedule_seq":0,"static_ent":99}
88.8  0.2  486256 ?        16:10 00:00:43 fglrun /u1/topprd/erp/azz/42r/azzi310 {"sessionkey":"ILDQ100489712b","parent":"0","prog":"azzi310","account":"tiptop","param":["{\"prog\":\"test\",\"wc\":\" 1=1\"}"],"schedule_seq":0,"static_ent":99}
 102  1.4  486256 ?        16:10 00:06:02 fglrun /u1/topprd/erp/azz/42r/azzi310 {"sessionkey":"ILDQ100489712b","parent":"0","prog":"azzi310","account":"tiptop","param":["{\"prog\":\"test\",\"wc\":\" 1=1\"}"],"schedule_seq":0,"static_ent":99}
88.2  0.2  535081 ?        16:15 00:00:46 fglrun /u1/topprd/erp/azz/42r/azzi310 {"sessionkey":"ILDQ150609883b","parent":"0","prog":"azzi310","account":"tiptop","param":["{\"prog\":\"test\",\"wc\":\" 1=1\"}"],"schedule_seq":0,"static_ent":99}
 103  1.2  486256 ?        16:10 00:11:08 fglrun /u1/topprd/erp/azz/42r/azzi310 {"sessionkey":"ILDQ100489712b","parent":"0","prog":"azzi310","account":"tiptop","param":["{\"prog\":\"test\",\"wc\":\" 1=1\"}"],"schedule_seq":0,"static_ent":99}
99.9  2.4  535081 ?        16:15 00:05:45 fglrun /u1/topprd/erp/azz/42r/azzi310 {"sessionkey":"ILDQ150609883b","parent":"0","prog":"azzi310","account":"tiptop","param":["{\"prog\":\"test\",\"wc\":\" 1=1\"}"],"schedule_seq":0,"static_ent":99}
89.0  0.2  581412 ?        16:20 00:00:41 fglrun /u1/topprd/erp/azz/42r/azzi310 {"sessionkey":"ILDQ200520228b","parent":"0","prog":"azzi310","account":"tiptop","param":["{\"prog\":\"test\",\"wc\":\" 1=1\"}"],"schedule_seq":0,"static_ent":99}
99.3  1.4  581412 ?        16:20 00:05:32 fglrun /u1/topprd/erp/azz/42r/azzi310 {"sessionkey":"ILDQ200520228b","parent":"0","prog":"azzi310","account":"tiptop","param":["{\"prog\":\"test\",\"wc\":\" 1=1\"}"],"schedule_seq":0,"static_ent":99}
89.5  0.1  630509 ?        16:25 00:00:31 fglrun /u1/topprd/erp/azz/42r/azzi310 {"sessionkey":"ILDQ250472730b","parent":"0","prog":"azzi310","account":"tiptop","param":["{\"prog\":\"test\",\"wc\":\" 1=1\"}"],"schedule_seq":0,"static_ent":99}
 104  2.4  630509 ?        16:25 00:06:08 fglrun /u1/topprd/erp/azz/42r/azzi310 {"sessionkey":"ILDQ250472730b","parent":"0","prog":"azzi310","account":"tiptop","param":["{\"prog\":\"test\",\"wc\":\" 1=1\"}"],"schedule_seq":0,"static_ent":99}
87.4  0.2  676798 ?        16:30 00:00:45 fglrun /u1/topprd/erp/azz/42r/azzi310 {"sessionkey":"ILDQ300543160b","parent":"0","prog":"azzi310","account":"tiptop","param":["{\"prog\":\"test\",\"wc\":\" 1=1\"}"],"schedule_seq":0,"static_ent":99}
 100  2.5  630509 ?        16:25 00:11:05 fglrun /u1/topprd/erp/azz/42r/azzi310 {"sessionkey":"ILDQ250472730b","parent":"0","prog":"azzi310","account":"tiptop","param":["{\"prog\":\"test\",\"wc\":\" 1=1\"}"],"schedule_seq":0,"static_ent":99}
95.2  2.2 4036978 ?        22:00 00:01:24 ora_j001_topprd
90.5  1.3 4037047 ?        22:00 00:01:20 ora_j002_topprd
96.1  6.3 4036978 ?        22:00 00:05:34 ora_j001_topprd
97.1  7.9 4036978 ?        22:00 00:10:29 ora_j001_topprd
