99.9  0.0 122149 ?        11:46 02:27:12 /u1/genero/fglgws/lib/fglrun-bin /u1/topprd/erp/azz/42r/azzi931 {"sessionkey":"IKQD465787468d","parent":"IKQD455971708d","parentprog":"axmr020","ancest":"IKQL354261738d","prog":"azzi931","account":"tiptoper","param":["2","AXM","axmr020","[]"],"reportid":"EB90922B-E511-46A5-800C-0273CE362D0D","schedule_seq":0,"static_ent":99}
99.7  0.0  34016 pts/30   13:39 00:34:37 /u1/genero/fglgws/lib/fglrun-bin /u1/topprd/erp/azz/42r/azzi931 {"sessionkey":"IKQF393483835d","parent":"IKQF350819686d","parentprog":"apmr201","ancest":"IKQN345283761d","prog":"azzi931","account":"tiptoper","param":["2","APM","apmr201","[]"],"schedule_seq":0,"static_ent":99}
18.0  0.0   2146 pts/43   14:14 00:00:00 sh /u1/etc/tmon/script/chk_cpu
99.9  0.0 122149 ?        11:46 02:27:13 /u1/genero/fglgws/lib/fglrun-bin /u1/topprd/erp/azz/42r/azzi931 {"sessionkey":"IKQD465787468d","parent":"IKQD455971708d","parentprog":"axmr020","ancest":"IKQL354261738d","prog":"azzi931","account":"tiptoper","param":["2","AXM","axmr020","[]"],"reportid":"EB90922B-E511-46A5-800C-0273CE362D0D","schedule_seq":0,"static_ent":99}
99.7  0.0  34016 pts/30   13:39 00:34:38 /u1/genero/fglgws/lib/fglrun-bin /u1/topprd/erp/azz/42r/azzi931 {"sessionkey":"IKQF393483835d","parent":"IKQF350819686d","parentprog":"apmr201","ancest":"IKQN345283761d","prog":"azzi931","account":"tiptoper","param":["2","APM","apmr201","[]"],"schedule_seq":0,"static_ent":99}
11.3  0.0   2146 pts/43   14:14 00:00:00 sh /u1/etc/tmon/script/chk_cpu
99.9  0.0 122149 ?        11:46 02:28:10 /u1/genero/fglgws/lib/fglrun-bin /u1/topprd/erp/azz/42r/azzi931 {"sessionkey":"IKQD465787468d","parent":"IKQD455971708d","parentprog":"axmr020","ancest":"IKQL354261738d","prog":"azzi931","account":"tiptoper","param":["2","AXM","axmr020","[]"],"reportid":"EB90922B-E511-46A5-800C-0273CE362D0D","schedule_seq":0,"static_ent":99}
99.7  0.0  34016 pts/30   13:39 00:35:36 /u1/genero/fglgws/lib/fglrun-bin /u1/topprd/erp/azz/42r/azzi931 {"sessionkey":"IKQF393483835d","parent":"IKQF350819686d","parentprog":"apmr201","ancest":"IKQN345283761d","prog":"azzi931","account":"tiptoper","param":["2","APM","apmr201","[]"],"schedule_seq":0,"static_ent":99}
20.5  0.0  60269 ?        14:15 00:00:00 sh /u1/etc/tmon/script/chk_cpu
99.9  0.0 122149 ?        11:46 02:28:36 /u1/genero/fglgws/lib/fglrun-bin /u1/topprd/erp/azz/42r/azzi931 {"sessionkey":"IKQD465787468d","parent":"IKQD455971708d","parentprog":"axmr020","ancest":"IKQL354261738d","prog":"azzi931","account":"tiptoper","param":["2","AXM","axmr020","[]"],"reportid":"EB90922B-E511-46A5-800C-0273CE362D0D","schedule_seq":0,"static_ent":99}
99.7  0.0  34016 pts/30   13:39 00:36:02 /u1/genero/fglgws/lib/fglrun-bin /u1/topprd/erp/azz/42r/azzi931 {"sessionkey":"IKQF393483835d","parent":"IKQF350819686d","parentprog":"apmr201","ancest":"IKQN345283761d","prog":"azzi931","account":"tiptoper","param":["2","APM","apmr201","[]"],"schedule_seq":0,"static_ent":99}
25.6  0.0  79257 pts/43   14:15 00:00:00 /bin/ksh chk_cpu
99.9  0.0 122149 ?        11:46 02:28:59 /u1/genero/fglgws/lib/fglrun-bin /u1/topprd/erp/azz/42r/azzi931 {"sessionkey":"IKQD465787468d","parent":"IKQD455971708d","parentprog":"axmr020","ancest":"IKQL354261738d","prog":"azzi931","account":"tiptoper","param":["2","AXM","axmr020","[]"],"reportid":"EB90922B-E511-46A5-800C-0273CE362D0D","schedule_seq":0,"static_ent":99}
99.7  0.0  34016 pts/30   13:39 00:36:24 /u1/genero/fglgws/lib/fglrun-bin /u1/topprd/erp/azz/42r/azzi931 {"sessionkey":"IKQF393483835d","parent":"IKQF350819686d","parentprog":"apmr201","ancest":"IKQN345283761d","prog":"azzi931","account":"tiptoper","param":["2","APM","apmr201","[]"],"schedule_seq":0,"static_ent":99}
30.0  0.0  87489 pts/43   14:16 00:00:00 /bin/ksh chk_cpu
20.0  0.0  88403 ?        14:16 00:00:00 sh /u1/etc/tmon/script/chk_aliv
99.9  0.0 122149 ?        11:46 02:29:10 /u1/genero/fglgws/lib/fglrun-bin /u1/topprd/erp/azz/42r/azzi931 {"sessionkey":"IKQD465787468d","parent":"IKQD455971708d","parentprog":"axmr020","ancest":"IKQL354261738d","prog":"azzi931","account":"tiptoper","param":["2","AXM","axmr020","[]"],"reportid":"EB90922B-E511-46A5-800C-0273CE362D0D","schedule_seq":0,"static_ent":99}
99.7  0.0  34016 pts/30   13:39 00:36:35 /u1/genero/fglgws/lib/fglrun-bin /u1/topprd/erp/azz/42r/azzi931 {"sessionkey":"IKQF393483835d","parent":"IKQF350819686d","parentprog":"apmr201","ancest":"IKQN345283761d","prog":"azzi931","account":"tiptoper","param":["2","APM","apmr201","[]"],"schedule_seq":0,"static_ent":99}
20.5  0.0  98181 ?        14:16 00:00:00 sh /u1/etc/tmon/script/chk_cpu
99.9  0.0 122149 ?        11:46 02:30:10 /u1/genero/fglgws/lib/fglrun-bin /u1/topprd/erp/azz/42r/azzi931 {"sessionkey":"IKQD465787468d","parent":"IKQD455971708d","parentprog":"axmr020","ancest":"IKQL354261738d","prog":"azzi931","account":"tiptoper","param":["2","AXM","axmr020","[]"],"reportid":"EB90922B-E511-46A5-800C-0273CE362D0D","schedule_seq":0,"static_ent":99}
99.7  0.0  34016 pts/30   13:39 00:37:35 /u1/genero/fglgws/lib/fglrun-bin /u1/topprd/erp/azz/42r/azzi931 {"sessionkey":"IKQF393483835d","parent":"IKQF350819686d","parentprog":"apmr201","ancest":"IKQN345283761d","prog":"azzi931","account":"tiptoper","param":["2","APM","apmr201","[]"],"schedule_seq":0,"static_ent":99}
21.0  0.0   2643 ?        14:17 00:00:00 sh /u1/etc/tmon/script/chk_cpu
99.9  0.0 122149 ?        11:46 02:31:09 /u1/genero/fglgws/lib/fglrun-bin /u1/topprd/erp/azz/42r/azzi931 {"sessionkey":"IKQD465787468d","parent":"IKQD455971708d","parentprog":"axmr020","ancest":"IKQL354261738d","prog":"azzi931","account":"tiptoper","param":["2","AXM","axmr020","[]"],"reportid":"EB90922B-E511-46A5-800C-0273CE362D0D","schedule_seq":0,"static_ent":99}
99.7  0.0  34016 pts/30   13:39 00:38:34 /u1/genero/fglgws/lib/fglrun-bin /u1/topprd/erp/azz/42r/azzi931 {"sessionkey":"IKQF393483835d","parent":"IKQF350819686d","parentprog":"apmr201","ancest":"IKQN345283761d","prog":"azzi931","account":"tiptoper","param":["2","APM","apmr201","[]"],"schedule_seq":0,"static_ent":99}
21.0  0.0  38191 ?        14:18 00:00:00 sh /u1/etc/tmon/script/chk_cpu
99.9  0.0 122149 ?        11:46 02:32:09 /u1/genero/fglgws/lib/fglrun-bin /u1/topprd/erp/azz/42r/azzi931 {"sessionkey":"IKQD465787468d","parent":"IKQD455971708d","parentprog":"axmr020","ancest":"IKQL354261738d","prog":"azzi931","account":"tiptoper","param":["2","AXM","axmr020","[]"],"reportid":"EB90922B-E511-46A5-800C-0273CE362D0D","schedule_seq":0,"static_ent":99}
99.7  0.0  34016 pts/30   13:39 00:39:34 /u1/genero/fglgws/lib/fglrun-bin /u1/topprd/erp/azz/42r/azzi931 {"sessionkey":"IKQF393483835d","parent":"IKQF350819686d","parentprog":"apmr201","ancest":"IKQN345283761d","prog":"azzi931","account":"tiptoper","param":["2","APM","apmr201","[]"],"schedule_seq":0,"static_ent":99}
21.0  0.0  73195 ?        14:19 00:00:00 sh /u1/etc/tmon/script/chk_cpu
99.9  0.0 122149 ?        11:46 02:33:09 /u1/genero/fglgws/lib/fglrun-bin /u1/topprd/erp/azz/42r/azzi931 {"sessionkey":"IKQD465787468d","parent":"IKQD455971708d","parentprog":"axmr020","ancest":"IKQL354261738d","prog":"azzi931","account":"tiptoper","param":["2","AXM","axmr020","[]"],"reportid":"EB90922B-E511-46A5-800C-0273CE362D0D","schedule_seq":0,"static_ent":99}
99.7  0.0  34016 pts/30   13:39 00:40:33 /u1/genero/fglgws/lib/fglrun-bin /u1/topprd/erp/azz/42r/azzi931 {"sessionkey":"IKQF393483835d","parent":"IKQF350819686d","parentprog":"apmr201","ancest":"IKQN345283761d","prog":"azzi931","account":"tiptoper","param":["2","APM","apmr201","[]"],"schedule_seq":0,"static_ent":99}
20.5  0.0 114703 ?        14:20 00:00:00 sh /u1/etc/tmon/script/chk_cpu
99.9  0.0 122149 ?        11:46 02:34:10 /u1/genero/fglgws/lib/fglrun-bin /u1/topprd/erp/azz/42r/azzi931 {"sessionkey":"IKQD465787468d","parent":"IKQD455971708d","parentprog":"axmr020","ancest":"IKQL354261738d","prog":"azzi931","account":"tiptoper","param":["2","AXM","axmr020","[]"],"reportid":"EB90922B-E511-46A5-800C-0273CE362D0D","schedule_seq":0,"static_ent":99}
99.7  0.0  34016 pts/30   13:39 00:41:34 /u1/genero/fglgws/lib/fglrun-bin /u1/topprd/erp/azz/42r/azzi931 {"sessionkey":"IKQF393483835d","parent":"IKQF350819686d","parentprog":"apmr201","ancest":"IKQN345283761d","prog":"azzi931","account":"tiptoper","param":["2","APM","apmr201","[]"],"schedule_seq":0,"static_ent":99}
13.6  0.0  20010 ?        14:21 00:00:00 sh /u1/etc/tmon/script/chk_cpu
99.9  0.0 122149 ?        11:46 02:35:10 /u1/genero/fglgws/lib/fglrun-bin /u1/topprd/erp/azz/42r/azzi931 {"sessionkey":"IKQD465787468d","parent":"IKQD455971708d","parentprog":"axmr020","ancest":"IKQL354261738d","prog":"azzi931","account":"tiptoper","param":["2","AXM","axmr020","[]"],"reportid":"EB90922B-E511-46A5-800C-0273CE362D0D","schedule_seq":0,"static_ent":99}
99.7  0.0  34016 pts/30   13:39 00:42:34 /u1/genero/fglgws/lib/fglrun-bin /u1/topprd/erp/azz/42r/azzi931 {"sessionkey":"IKQF393483835d","parent":"IKQF350819686d","parentprog":"apmr201","ancest":"IKQN345283761d","prog":"azzi931","account":"tiptoper","param":["2","APM","apmr201","[]"],"schedule_seq":0,"static_ent":99}
13.3  0.0  54874 ?        14:22 00:00:00 sh /u1/etc/tmon/script/chk_cpu
99.9  0.0 122149 ?        11:46 02:36:10 /u1/genero/fglgws/lib/fglrun-bin /u1/topprd/erp/azz/42r/azzi931 {"sessionkey":"IKQD465787468d","parent":"IKQD455971708d","parentprog":"axmr020","ancest":"IKQL354261738d","prog":"azzi931","account":"tiptoper","param":["2","AXM","axmr020","[]"],"reportid":"EB90922B-E511-46A5-800C-0273CE362D0D","schedule_seq":0,"static_ent":99}
99.7  0.0  34016 pts/30   13:39 00:43:34 /u1/genero/fglgws/lib/fglrun-bin /u1/topprd/erp/azz/42r/azzi931 {"sessionkey":"IKQF393483835d","parent":"IKQF350819686d","parentprog":"apmr201","ancest":"IKQN345283761d","prog":"azzi931","account":"tiptoper","param":["2","APM","apmr201","[]"],"schedule_seq":0,"static_ent":99}
14.0  0.0  89803 ?        14:23 00:00:00 sh /u1/etc/tmon/script/chk_cpu
99.9  0.0 122149 ?        11:46 02:36:14 /u1/genero/fglgws/lib/fglrun-bin /u1/topprd/erp/azz/42r/azzi931 {"sessionkey":"IKQD465787468d","parent":"IKQD455971708d","parentprog":"axmr020","ancest":"IKQL354261738d","prog":"azzi931","account":"tiptoper","param":["2","AXM","axmr020","[]"],"reportid":"EB90922B-E511-46A5-800C-0273CE362D0D","schedule_seq":0,"static_ent":99}
99.7  0.0  34016 pts/30   13:39 00:43:39 /u1/genero/fglgws/lib/fglrun-bin /u1/topprd/erp/azz/42r/azzi931 {"sessionkey":"IKQF393483835d","parent":"IKQF350819686d","parentprog":"apmr201","ancest":"IKQN345283761d","prog":"azzi931","account":"tiptoper","param":["2","APM","apmr201","[]"],"schedule_seq":0,"static_ent":99}
33.5  0.0  93344 pts/43   14:23 00:00:00 /bin/ksh chk_cpu
21.0  0.0  94693 ?        14:23 00:00:00 sh /u1/etc/tmon/script/chk_err
99.9  0.0 122149 ?        11:46 02:37:10 /u1/genero/fglgws/lib/fglrun-bin /u1/topprd/erp/azz/42r/azzi931 {"sessionkey":"IKQD465787468d","parent":"IKQD455971708d","parentprog":"axmr020","ancest":"IKQL354261738d","prog":"azzi931","account":"tiptoper","param":["2","AXM","axmr020","[]"],"reportid":"EB90922B-E511-46A5-800C-0273CE362D0D","schedule_seq":0,"static_ent":99}
99.7  0.0  34016 pts/30   13:39 00:44:34 /u1/genero/fglgws/lib/fglrun-bin /u1/topprd/erp/azz/42r/azzi931 {"sessionkey":"IKQF393483835d","parent":"IKQF350819686d","parentprog":"apmr201","ancest":"IKQN345283761d","prog":"azzi931","account":"tiptoper","param":["2","APM","apmr201","[]"],"schedule_seq":0,"static_ent":99}
14.3  0.0 126284 ?        14:24 00:00:00 sh /u1/etc/tmon/script/chk_cpu
99.9  0.0 122149 ?        11:46 02:37:27 /u1/genero/fglgws/lib/fglrun-bin /u1/topprd/erp/azz/42r/azzi931 {"sessionkey":"IKQD465787468d","parent":"IKQD455971708d","parentprog":"axmr020","ancest":"IKQL354261738d","prog":"azzi931","account":"tiptoper","param":["2","AXM","axmr020","[]"],"reportid":"EB90922B-E511-46A5-800C-0273CE362D0D","schedule_seq":0,"static_ent":99}
99.7  0.0  34016 pts/30   13:39 00:44:51 /u1/genero/fglgws/lib/fglrun-bin /u1/topprd/erp/azz/42r/azzi931 {"sessionkey":"IKQF393483835d","parent":"IKQF350819686d","parentprog":"apmr201","ancest":"IKQN345283761d","prog":"azzi931","account":"tiptoper","param":["2","APM","apmr201","[]"],"schedule_seq":0,"static_ent":99}
34.0  0.0   9406 pts/43   14:24 00:00:00 /bin/ksh chk_cpu
99.9  0.0 122149 ?        11:46 02:38:40 /u1/genero/fglgws/lib/fglrun-bin /u1/topprd/erp/azz/42r/azzi931 {"sessionkey":"IKQD465787468d","parent":"IKQD455971708d","parentprog":"axmr020","ancest":"IKQL354261738d","prog":"azzi931","account":"tiptoper","param":["2","AXM","axmr020","[]"],"reportid":"EB90922B-E511-46A5-800C-0273CE362D0D","schedule_seq":0,"static_ent":99}
99.7  0.0  34016 pts/30   13:39 00:46:04 /u1/genero/fglgws/lib/fglrun-bin /u1/topprd/erp/azz/42r/azzi931 {"sessionkey":"IKQF393483835d","parent":"IKQF350819686d","parentprog":"apmr201","ancest":"IKQN345283761d","prog":"azzi931","account":"tiptoper","param":["2","APM","apmr201","[]"],"schedule_seq":0,"static_ent":99}
37.5  0.0  54149 pts/43   14:25 00:00:00 /bin/ksh chk_cpu
21.0  0.0  54776 ?        14:25 00:00:00 sh /u1/etc/tmon/script/chk_ps
